<?xml version="1.0" encoding="UTF-8"?>
<!-- Generated by org.testng.reporters.JUnitXMLReporter -->
<testsuite ignored="0" hostname="vaish" failures="3" tests="24" name="Surefire test" time="200.745" errors="0" timestamp="2023-11-19T14:00:24 EST">
  <testcase classname="com.naveenAutomationPageTest.AccountPageTest" name="validateUserCanChangePassword" time="3.448"/>
  <testcase classname="com.naveenAutomationPageTest.AccountPageTest" name="validateUserCanEditPersonalInfo" time="3.608"/>
  <testcase classname="com.naveenAutomationPageTest.AccountPageTest" name="validateUserCanUpdateNewsLetterSubscription" time="3.649"/>
  <testcase classname="com.naveenAutomationPageTest.AddressBookEntriesPageTest" name="validateUserCanDeleteAddress" time="15.597">
    <failure type="org.openqa.selenium.TimeoutException" message="Expected condition failed: waiting for visibility of element located by By.xpath: //div[text()=&amp;apos; Warning: You can not delete your default address!&amp;apos;] (tried for 10 second(s) with 500 milliseconds interval)">
      <![CDATA[org.openqa.selenium.TimeoutException: Expected condition failed: waiting for visibility of element located by By.xpath: //div[text()=' Warning: You can not delete your default address!'] (tried for 10 second(s) with 500 milliseconds interval)
at org.openqa.selenium.support.ui.WebDriverWait.timeoutException(WebDriverWait.java:95)
at org.openqa.selenium.support.ui.FluentWait.until(FluentWait.java:272)
at com.naveenautomation.proxydriver.ProxyDriver.waitForElementToBeVisible(ProxyDriver.java:169)
at com.naveenautomation.proxydriver.ProxyDriver.getText(ProxyDriver.java:210)
at com.naveenautomation.pages.AddressBookPage.getDeleteDefaultAddressUnsuccessfullMessage(AddressBookPage.java:95)
at com.naveenAutomationPageTest.AddressBookEntriesPageTest.validateUserCanDeleteAddress(AddressBookEntriesPageTest.java:52)
at java.base/java.util.ArrayList.forEach(ArrayList.java:1511)
Caused by: org.openqa.selenium.NoSuchElementException: no such element: Unable to locate element: {"method":"xpath","selector":"//div[text()=' Warning: You can not delete your default address!']"}
  (Session info: chrome=119.0.6045.160)
For documentation on this error, please visit: https://www.seleniumhq.org/exceptions/no_such_element.html
Build info: version: '3.141.59', revision: 'e82be7d358', time: '2018-11-14T08:17:03'
System info: host: 'VAISH', ip: '192.168.137.1', os.name: 'Windows 11', os.arch: 'amd64', os.version: '10.0', java.version: '17.0.7'
Driver info: org.openqa.selenium.chrome.ChromeDriver
Capabilities {acceptInsecureCerts: false, browserName: chrome, browserVersion: 119.0.6045.160, chrome: {chromedriverVersion: 119.0.6045.105 (38c72552c5e..., userDataDir: C:\Users\Vishnu\AppData\Loc...}, fedcm:accounts: true, goog:chromeOptions: {debuggerAddress: localhost:49908}, javascriptEnabled: true, networkConnectionEnabled: false, pageLoadStrategy: normal, platform: WINDOWS, platformName: WINDOWS, proxy: Proxy(), setWindowRect: true, strictFileInteractability: false, timeouts: {implicit: 0, pageLoad: 300000, script: 30000}, unhandledPromptBehavior: dismiss and notify, webauthn:extension:credBlob: true, webauthn:extension:largeBlob: true, webauthn:extension:minPinLength: true, webauthn:extension:prf: true, webauthn:virtualAuthenticators: true}
Session ID: 007f43ec1bb11879b9ddaf3458826964
*** Element info: {Using=xpath, value=//div[text()=' Warning: You can not delete your default address!']}
at org.openqa.selenium.remote.http.W3CHttpResponseCodec.createException(W3CHttpResponseCodec.java:187)
at org.openqa.selenium.remote.http.W3CHttpResponseCodec.decode(W3CHttpResponseCodec.java:122)
at org.openqa.selenium.remote.http.W3CHttpResponseCodec.decode(W3CHttpResponseCodec.java:49)
at org.openqa.selenium.remote.HttpCommandExecutor.execute(HttpCommandExecutor.java:158)
at org.openqa.selenium.remote.service.DriverCommandExecutor.execute(DriverCommandExecutor.java:83)
at org.openqa.selenium.remote.RemoteWebDriver.execute(RemoteWebDriver.java:552)
at org.openqa.selenium.remote.RemoteWebDriver.findElement(RemoteWebDriver.java:323)
at org.openqa.selenium.remote.RemoteWebDriver.findElementByXPath(RemoteWebDriver.java:428)
at org.openqa.selenium.By$ByXPath.findElement(By.java:353)
at org.openqa.selenium.remote.RemoteWebDriver.findElement(RemoteWebDriver.java:315)
at com.naveenautomation.proxydriver.ProxyDriver.findElement(ProxyDriver.java:60)
at org.openqa.selenium.support.ui.ExpectedConditions$7.apply(ExpectedConditions.java:205)
at org.openqa.selenium.support.ui.ExpectedConditions$7.apply(ExpectedConditions.java:201)
at org.openqa.selenium.support.ui.FluentWait.until(FluentWait.java:249)
... 37 more
... Removed 37 stack frames]]>
    </failure>
  </testcase> <!-- validateUserCanDeleteAddress -->
  <testcase classname="com.naveenAutomationPageTest.AddressBookEntriesPageTest" name="validateUserCanNavigateToAddressBook" time="2.086"/>
  <testcase classname="com.naveenAutomationPageTest.ForgottenPasswordPageTest" name="validateUserWillGetConfirmationLinkUsingValidEmail" time="2.195"/>
  <testcase classname="com.naveenAutomationPageTest.ForgottenPasswordPageTest" name="validateUserWillNotGetConfirmationLinkUsingInvalidEmail" time="1.622"/>
  <testcase classname="com.naveenAutomationPageTest.LoginPageTest" name="validateUserCanLoginWithValidCredentials" time="1.346"/>
  <testcase classname="com.naveenAutomationPageTest.LoginPageTest" name="validateUserCanNotLoginWithInValidCredentials" time="1.108"/>
  <testcase classname="com.naveenAutomationPageTest.LoginPageTest" name="validateUserIsAbleToNavigateToForgottenPasswordPage" time="0.222">
    <failure type="java.lang.Error">
      <![CDATA[java.lang.Error
at com.naveenautomation.pages.ForgottenPasswordPage.isLoaded(ForgottenPasswordPage.java:51)
at com.naveenautomation.pages.Page.waitForPageToLoad(Page.java:25)
at com.naveenautomation.pages.Page.<init>(Page.java:11)
at com.naveenautomation.pages.ForgottenPasswordPage.<init>(ForgottenPasswordPage.java:13)
at com.naveenautomation.pages.LoginPage.clickForgottenPasswordPageLink(LoginPage.java:46)
at com.naveenAutomationPageTest.LoginPageTest.validateUserIsAbleToNavigateToForgottenPasswordPage(LoginPageTest.java:49)
at java.base/java.util.ArrayList.forEach(ArrayList.java:1511)
... Removed 32 stack frames]]>
    </failure>
  </testcase> <!-- validateUserIsAbleToNavigateToForgottenPasswordPage -->
  <testcase classname="com.naveenAutomationPageTest.LogoutPageTest" name="validateUserCanLogoutsafely" time="4.193"/>
  <testcase classname="com.naveenAutomationPageTest.RegisterAccountPageTest" name="validateUserCanNotEnterInvalidFirstName" time="2.96"/>
  <testcase classname="com.naveenAutomationPageTest.RegisterAccountPageTest" name="validateUserCanNotEnterInvalidLastName" time="5.029"/>
  <testcase classname="com.naveenAutomationPageTest.RegisterAccountPageTest" name="validateUserCanNotEnterInvalidTelephone" time="2.847"/>
  <testcase classname="com.naveenAutomationPageTest.RegisterAccountPageTest" name="validateUserCanNotSkipConfirmPassword" time="2.796"/>
  <testcase classname="com.naveenAutomationPageTest.RegisterAccountPageTest" name="validateUserCanNotSkipEmail" time="2.995"/>
  <testcase classname="com.naveenAutomationPageTest.RegisterAccountPageTest" name="validateUserCanNotSkipFirstName" time="2.725"/>
  <testcase classname="com.naveenAutomationPageTest.RegisterAccountPageTest" name="validateUserCanNotSkipLastName" time="2.873"/>
  <testcase classname="com.naveenAutomationPageTest.RegisterAccountPageTest" name="validateUserCanNotSkipPassword" time="2.61"/>
  <testcase classname="com.naveenAutomationPageTest.RegisterAccountPageTest" name="validateUserCheckEDPrivacyPolicyCheckBox" time="2.642"/>
  <testcase classname="com.naveenAutomationPageTest.RegisterAccountPageTest" name="validateUserIsAbleToRegisterWithValidInfo" time="3.048">
    <failure type="java.lang.Error">
      <![CDATA[java.lang.Error
at com.naveenautomation.pages.RegistrationSuccessPage.isLoaded(RegistrationSuccessPage.java:31)
at com.naveenautomation.pages.Page.waitForPageToLoad(Page.java:25)
at com.naveenautomation.pages.Page.<init>(Page.java:11)
at com.naveenautomation.pages.RegistrationSuccessPage.<init>(RegistrationSuccessPage.java:12)
at com.naveenautomation.pages.RegisterAccountPage.clickSubmitBtn(RegisterAccountPage.java:67)
at com.naveenAutomationPageTest.RegisterAccountPageTest.validateUserIsAbleToRegisterWithValidInfo(RegisterAccountPageTest.java:200)
at java.base/java.util.ArrayList.forEach(ArrayList.java:1511)
... Removed 32 stack frames]]>
    </failure>
  </testcase> <!-- validateUserIsAbleToRegisterWithValidInfo -->
  <testcase classname="com.naveenAutomationPageTest.RegisterAccountPageTest" name="validateUserNavigatedToRegisterAccount" time="1.49"/>
  <testcase classname="com.naveenAutomationPageTest.ViewProductReturnsPageTest" name="validateUserIsInViewProductReturnsPage" time="2.887"/>
  <testcase classname="com.naveenAutomationPageTest.WishListPageTest" name="validateUserIsInWishListPage" time="2.015"/>
</testsuite> <!-- Surefire test -->
