<html>
<head>
<title>TestNG:  Surefire test</title>
<link href="../testng.css" rel="stylesheet" type="text/css" />
<link href="../my-testng.css" rel="stylesheet" type="text/css" />

<style type="text/css">
.log { display: none;} 
.stack-trace { display: none;} 
</style>
<script type="text/javascript">
<!--
function flip(e) {
  current = e.style.display;
  if (current == 'block') {
    e.style.display = 'none';
    return 0;
  }
  else {
    e.style.display = 'block';
    return 1;
  }
}

function toggleBox(szDivId, elem, msg1, msg2)
{
  var res = -1;  if (document.getElementById) {
    res = flip(document.getElementById(szDivId));
  }
  else if (document.all) {
    // this is the way old msie versions work
    res = flip(document.all[szDivId]);
  }
  if(elem) {
    if(res == 0) elem.innerHTML = msg1; else elem.innerHTML = msg2;
  }

}

function toggleAllBoxes() {
  if (document.getElementsByTagName) {
    d = document.getElementsByTagName('div');
    for (i = 0; i < d.length; i++) {
      if (d[i].className == 'log') {
        flip(d[i]);
      }
    }
  }
}

// -->
</script>

</head>
<body>
<h2 align='center'>Surefire test</h2><table border='1' align="center">
<tr>
<td>Tests passed/Failed/Skipped:</td><td>21/3/0</td>
</tr><tr>
<td>Started on:</td><td>Sun Nov 19 13:57:03 EST 2023</td>
</tr>
<tr><td>Total time:</td><td>200 seconds (200745 ms)</td>
</tr><tr>
<td>Included groups:</td><td></td>
</tr><tr>
<td>Excluded groups:</td><td></td>
</tr>
</table><p/>
<small><i>(Hover the method name to see the test class name)</i></small><p/>
<table width='100%' border='1' class='invocation-failed'>
<tr><td colspan='4' align='center'><b>FAILED TESTS</b></td></tr>
<tr><td><b>Test method</b></td>
<td width="30%"><b>Exception</b></td>
<td width="10%"><b>Time (seconds)</b></td>
<td><b>Instance</b></td>
</tr>
<tr>
<td title='com.naveenAutomationPageTest.AddressBookEntriesPageTest.validateUserCanDeleteAddress()'><b>validateUserCanDeleteAddress</b><br>Test class: com.naveenAutomationPageTest.AddressBookEntriesPageTest</td>
<td><div><pre>org.openqa.selenium.TimeoutException: Expected condition failed: waiting for visibility of element located by By.xpath: //div[text()=&apos; Warning: You can not delete your default address!&apos;] (tried for 10 second(s) with 500 milliseconds interval)
	at org.openqa.selenium.support.ui.WebDriverWait.timeoutException(WebDriverWait.java:95)
	at org.openqa.selenium.support.ui.FluentWait.until(FluentWait.java:272)
	at com.naveenautomation.proxydriver.ProxyDriver.waitForElementToBeVisible(ProxyDriver.java:169)
	at com.naveenautomation.proxydriver.ProxyDriver.getText(ProxyDriver.java:210)
	at com.naveenautomation.pages.AddressBookPage.getDeleteDefaultAddressUnsuccessfullMessage(AddressBookPage.java:95)
	at com.naveenAutomationPageTest.AddressBookEntriesPageTest.validateUserCanDeleteAddress(AddressBookEntriesPageTest.java:52)
	at java.base/java.util.ArrayList.forEach(ArrayList.java:1511)
Caused by: org.openqa.selenium.NoSuchElementException: no such element: Unable to locate element: {&quot;method&quot;:&quot;xpath&quot;,&quot;selector&quot;:&quot;//div[text()=&apos; Warning: You can not delete your default address!&apos;]&quot;}
  (Session info: chrome=119.0.6045.160)
For documentation on this error, please visit: https://www.seleniumhq.org/exceptions/no_such_element.html
Build info: version: &apos;3.141.59&apos;, revision: &apos;e82be7d358&apos;, time: &apos;2018-11-14T08:17:03&apos;
System info: host: &apos;VAISH&apos;, ip: &apos;192.168.137.1&apos;, os.name: &apos;Windows 11&apos;, os.arch: &apos;amd64&apos;, os.version: &apos;10.0&apos;, java.version: &apos;17.0.7&apos;
Driver info: org.openqa.selenium.chrome.ChromeDriver
Capabilities {acceptInsecureCerts: false, browserName: chrome, browserVersion: 119.0.6045.160, chrome: {chromedriverVersion: 119.0.6045.105 (38c72552c5e..., userDataDir: C:\Users\Vishnu\AppData\Loc...}, fedcm:accounts: true, goog:chromeOptions: {debuggerAddress: localhost:49908}, javascriptEnabled: true, networkConnectionEnabled: false, pageLoadStrategy: normal, platform: WINDOWS, platformName: WINDOWS, proxy: Proxy(), setWindowRect: true, strictFileInteractability: false, timeouts: {implicit: 0, pageLoad: 300000, script: 30000}, unhandledPromptBehavior: dismiss and notify, webauthn:extension:credBlob: true, webauthn:extension:largeBlob: true, webauthn:extension:minPinLength: true, webauthn:extension:prf: true, webauthn:virtualAuthenticators: true}
Session ID: 007f43ec1bb11879b9ddaf3458826964
*** Element info: {Using=xpath, value=//div[text()=&apos; Warning: You can not delete your default address!&apos;]}
	at org.openqa.selenium.remote.http.W3CHttpResponseCodec.createException(W3CHttpResponseCodec.java:187)
	at org.openqa.selenium.remote.http.W3CHttpResponseCodec.decode(W3CHttpResponseCodec.java:122)
	at org.openqa.selenium.remote.http.W3CHttpResponseCodec.decode(W3CHttpResponseCodec.java:49)
	at org.openqa.selenium.remote.HttpCommandExecutor.execute(HttpCommandExecutor.java:158)
	at org.openqa.selenium.remote.service.DriverCommandExecutor.execute(DriverCommandExecutor.java:83)
	at org.openqa.selenium.remote.RemoteWebDriver.execute(RemoteWebDriver.java:552)
	at org.openqa.selenium.remote.RemoteWebDriver.findElement(RemoteWebDriver.java:323)
	at org.openqa.selenium.remote.RemoteWebDriver.findElementByXPath(RemoteWebDriver.java:428)
	at org.openqa.selenium.By$ByXPath.findElement(By.java:353)
	at org.openqa.selenium.remote.RemoteWebDriver.findElement(RemoteWebDriver.java:315)
	at com.naveenautomation.proxydriver.ProxyDriver.findElement(ProxyDriver.java:60)
	at org.openqa.selenium.support.ui.ExpectedConditions$7.apply(ExpectedConditions.java:205)
	at org.openqa.selenium.support.ui.ExpectedConditions$7.apply(ExpectedConditions.java:201)
	at org.openqa.selenium.support.ui.FluentWait.until(FluentWait.java:249)
	... 37 more
... Removed 37 stack frames</pre></div><a href='#' onClick='toggleBox("stack-trace1228589267", this, "Click to show all stack frames", "Click to hide stack frames")'>Click to show all stack frames</a>
<div class='stack-trace' id='stack-trace1228589267'><pre>org.openqa.selenium.TimeoutException: Expected condition failed: waiting for visibility of element located by By.xpath: //div[text()=&apos; Warning: You can not delete your default address!&apos;] (tried for 10 second(s) with 500 milliseconds interval)
	at org.openqa.selenium.support.ui.WebDriverWait.timeoutException(WebDriverWait.java:95)
	at org.openqa.selenium.support.ui.FluentWait.until(FluentWait.java:272)
	at com.naveenautomation.proxydriver.ProxyDriver.waitForElementToBeVisible(ProxyDriver.java:169)
	at com.naveenautomation.proxydriver.ProxyDriver.getText(ProxyDriver.java:210)
	at com.naveenautomation.pages.AddressBookPage.getDeleteDefaultAddressUnsuccessfullMessage(AddressBookPage.java:95)
	at com.naveenAutomationPageTest.AddressBookEntriesPageTest.validateUserCanDeleteAddress(AddressBookEntriesPageTest.java:52)
	at java.base/jdk.internal.reflect.NativeMethodAccessorImpl.invoke0(Native Method)
	at java.base/jdk.internal.reflect.NativeMethodAccessorImpl.invoke(NativeMethodAccessorImpl.java:77)
	at java.base/jdk.internal.reflect.DelegatingMethodAccessorImpl.invoke(DelegatingMethodAccessorImpl.java:43)
	at java.base/java.lang.reflect.Method.invoke(Method.java:568)
	at org.testng.internal.MethodInvocationHelper.invokeMethod(MethodInvocationHelper.java:132)
	at org.testng.internal.TestInvoker.invokeMethod(TestInvoker.java:599)
	at org.testng.internal.TestInvoker.invokeTestMethod(TestInvoker.java:174)
	at org.testng.internal.MethodRunner.runInSequence(MethodRunner.java:46)
	at org.testng.internal.TestInvoker$MethodInvocationAgent.invoke(TestInvoker.java:822)
	at org.testng.internal.TestInvoker.invokeTestMethods(TestInvoker.java:147)
	at org.testng.internal.TestMethodWorker.invokeTestMethods(TestMethodWorker.java:146)
	at org.testng.internal.TestMethodWorker.run(TestMethodWorker.java:128)
	at java.base/java.util.ArrayList.forEach(ArrayList.java:1511)
	at org.testng.TestRunner.privateRun(TestRunner.java:764)
	at org.testng.TestRunner.run(TestRunner.java:585)
	at org.testng.SuiteRunner.runTest(SuiteRunner.java:384)
	at org.testng.SuiteRunner.runSequentially(SuiteRunner.java:378)
	at org.testng.SuiteRunner.privateRun(SuiteRunner.java:337)
	at org.testng.SuiteRunner.run(SuiteRunner.java:286)
	at org.testng.SuiteRunnerWorker.runSuite(SuiteRunnerWorker.java:53)
	at org.testng.SuiteRunnerWorker.run(SuiteRunnerWorker.java:96)
	at org.testng.TestNG.runSuitesSequentially(TestNG.java:1218)
	at org.testng.TestNG.runSuitesLocally(TestNG.java:1140)
	at org.testng.TestNG.runSuites(TestNG.java:1069)
	at org.testng.TestNG.run(TestNG.java:1037)
	at org.apache.maven.surefire.testng.TestNGExecutor.run(TestNGExecutor.java:135)
	at org.apache.maven.surefire.testng.TestNGDirectoryTestSuite.executeMulti(TestNGDirectoryTestSuite.java:193)
	at org.apache.maven.surefire.testng.TestNGDirectoryTestSuite.execute(TestNGDirectoryTestSuite.java:94)
	at org.apache.maven.surefire.testng.TestNGProvider.invoke(TestNGProvider.java:146)
	at org.apache.maven.surefire.booter.ForkedBooter.invokeProviderInSameClassLoader(ForkedBooter.java:384)
	at org.apache.maven.surefire.booter.ForkedBooter.runSuitesInProcess(ForkedBooter.java:345)
	at org.apache.maven.surefire.booter.ForkedBooter.execute(ForkedBooter.java:126)
	at org.apache.maven.surefire.booter.ForkedBooter.main(ForkedBooter.java:418)
Caused by: org.openqa.selenium.NoSuchElementException: no such element: Unable to locate element: {&quot;method&quot;:&quot;xpath&quot;,&quot;selector&quot;:&quot;//div[text()=&apos; Warning: You can not delete your default address!&apos;]&quot;}
  (Session info: chrome=119.0.6045.160)
For documentation on this error, please visit: https://www.seleniumhq.org/exceptions/no_such_element.html
Build info: version: &apos;3.141.59&apos;, revision: &apos;e82be7d358&apos;, time: &apos;2018-11-14T08:17:03&apos;
System info: host: &apos;VAISH&apos;, ip: &apos;192.168.137.1&apos;, os.name: &apos;Windows 11&apos;, os.arch: &apos;amd64&apos;, os.version: &apos;10.0&apos;, java.version: &apos;17.0.7&apos;
Driver info: org.openqa.selenium.chrome.ChromeDriver
Capabilities {acceptInsecureCerts: false, browserName: chrome, browserVersion: 119.0.6045.160, chrome: {chromedriverVersion: 119.0.6045.105 (38c72552c5e..., userDataDir: C:\Users\Vishnu\AppData\Loc...}, fedcm:accounts: true, goog:chromeOptions: {debuggerAddress: localhost:49908}, javascriptEnabled: true, networkConnectionEnabled: false, pageLoadStrategy: normal, platform: WINDOWS, platformName: WINDOWS, proxy: Proxy(), setWindowRect: true, strictFileInteractability: false, timeouts: {implicit: 0, pageLoad: 300000, script: 30000}, unhandledPromptBehavior: dismiss and notify, webauthn:extension:credBlob: true, webauthn:extension:largeBlob: true, webauthn:extension:minPinLength: true, webauthn:extension:prf: true, webauthn:virtualAuthenticators: true}
Session ID: 007f43ec1bb11879b9ddaf3458826964
*** Element info: {Using=xpath, value=//div[text()=&apos; Warning: You can not delete your default address!&apos;]}
	at java.base/jdk.internal.reflect.NativeConstructorAccessorImpl.newInstance0(Native Method)
	at java.base/jdk.internal.reflect.NativeConstructorAccessorImpl.newInstance(NativeConstructorAccessorImpl.java:77)
	at java.base/jdk.internal.reflect.DelegatingConstructorAccessorImpl.newInstance(DelegatingConstructorAccessorImpl.java:45)
	at java.base/java.lang.reflect.Constructor.newInstanceWithCaller(Constructor.java:499)
	at java.base/java.lang.reflect.Constructor.newInstance(Constructor.java:480)
	at org.openqa.selenium.remote.http.W3CHttpResponseCodec.createException(W3CHttpResponseCodec.java:187)
	at org.openqa.selenium.remote.http.W3CHttpResponseCodec.decode(W3CHttpResponseCodec.java:122)
	at org.openqa.selenium.remote.http.W3CHttpResponseCodec.decode(W3CHttpResponseCodec.java:49)
	at org.openqa.selenium.remote.HttpCommandExecutor.execute(HttpCommandExecutor.java:158)
	at org.openqa.selenium.remote.service.DriverCommandExecutor.execute(DriverCommandExecutor.java:83)
	at org.openqa.selenium.remote.RemoteWebDriver.execute(RemoteWebDriver.java:552)
	at org.openqa.selenium.remote.RemoteWebDriver.findElement(RemoteWebDriver.java:323)
	at org.openqa.selenium.remote.RemoteWebDriver.findElementByXPath(RemoteWebDriver.java:428)
	at org.openqa.selenium.By$ByXPath.findElement(By.java:353)
	at org.openqa.selenium.remote.RemoteWebDriver.findElement(RemoteWebDriver.java:315)
	at com.naveenautomation.proxydriver.ProxyDriver.findElement(ProxyDriver.java:60)
	at org.openqa.selenium.support.ui.ExpectedConditions$7.apply(ExpectedConditions.java:205)
	at org.openqa.selenium.support.ui.ExpectedConditions$7.apply(ExpectedConditions.java:201)
	at org.openqa.selenium.support.ui.FluentWait.until(FluentWait.java:249)
	... 37 more
</pre></div></td>
<td>15</td>
<td>com.naveenAutomationPageTest.AddressBookEntriesPageTest@16612a51</td></tr>
<tr>
<td title='com.naveenAutomationPageTest.LoginPageTest.validateUserIsAbleToNavigateToForgottenPasswordPage()'><b>validateUserIsAbleToNavigateToForgottenPasswordPage</b><br>Test class: com.naveenAutomationPageTest.LoginPageTest</td>
<td><div><pre>java.lang.Error
	at com.naveenautomation.pages.ForgottenPasswordPage.isLoaded(ForgottenPasswordPage.java:51)
	at com.naveenautomation.pages.Page.waitForPageToLoad(Page.java:25)
	at com.naveenautomation.pages.Page.&lt;init&gt;(Page.java:11)
	at com.naveenautomation.pages.ForgottenPasswordPage.&lt;init&gt;(ForgottenPasswordPage.java:13)
	at com.naveenautomation.pages.LoginPage.clickForgottenPasswordPageLink(LoginPage.java:46)
	at com.naveenAutomationPageTest.LoginPageTest.validateUserIsAbleToNavigateToForgottenPasswordPage(LoginPageTest.java:49)
	at java.base/java.util.ArrayList.forEach(ArrayList.java:1511)
... Removed 32 stack frames</pre></div><a href='#' onClick='toggleBox("stack-trace1777112002", this, "Click to show all stack frames", "Click to hide stack frames")'>Click to show all stack frames</a>
<div class='stack-trace' id='stack-trace1777112002'><pre>java.lang.Error
	at com.naveenautomation.pages.ForgottenPasswordPage.isLoaded(ForgottenPasswordPage.java:51)
	at com.naveenautomation.pages.Page.waitForPageToLoad(Page.java:25)
	at com.naveenautomation.pages.Page.&lt;init&gt;(Page.java:11)
	at com.naveenautomation.pages.ForgottenPasswordPage.&lt;init&gt;(ForgottenPasswordPage.java:13)
	at com.naveenautomation.pages.LoginPage.clickForgottenPasswordPageLink(LoginPage.java:46)
	at com.naveenAutomationPageTest.LoginPageTest.validateUserIsAbleToNavigateToForgottenPasswordPage(LoginPageTest.java:49)
	at java.base/jdk.internal.reflect.NativeMethodAccessorImpl.invoke0(Native Method)
	at java.base/jdk.internal.reflect.NativeMethodAccessorImpl.invoke(NativeMethodAccessorImpl.java:77)
	at java.base/jdk.internal.reflect.DelegatingMethodAccessorImpl.invoke(DelegatingMethodAccessorImpl.java:43)
	at java.base/java.lang.reflect.Method.invoke(Method.java:568)
	at org.testng.internal.MethodInvocationHelper.invokeMethod(MethodInvocationHelper.java:132)
	at org.testng.internal.TestInvoker.invokeMethod(TestInvoker.java:599)
	at org.testng.internal.TestInvoker.invokeTestMethod(TestInvoker.java:174)
	at org.testng.internal.MethodRunner.runInSequence(MethodRunner.java:46)
	at org.testng.internal.TestInvoker$MethodInvocationAgent.invoke(TestInvoker.java:822)
	at org.testng.internal.TestInvoker.invokeTestMethods(TestInvoker.java:147)
	at org.testng.internal.TestMethodWorker.invokeTestMethods(TestMethodWorker.java:146)
	at org.testng.internal.TestMethodWorker.run(TestMethodWorker.java:128)
	at java.base/java.util.ArrayList.forEach(ArrayList.java:1511)
	at org.testng.TestRunner.privateRun(TestRunner.java:764)
	at org.testng.TestRunner.run(TestRunner.java:585)
	at org.testng.SuiteRunner.runTest(SuiteRunner.java:384)
	at org.testng.SuiteRunner.runSequentially(SuiteRunner.java:378)
	at org.testng.SuiteRunner.privateRun(SuiteRunner.java:337)
	at org.testng.SuiteRunner.run(SuiteRunner.java:286)
	at org.testng.SuiteRunnerWorker.runSuite(SuiteRunnerWorker.java:53)
	at org.testng.SuiteRunnerWorker.run(SuiteRunnerWorker.java:96)
	at org.testng.TestNG.runSuitesSequentially(TestNG.java:1218)
	at org.testng.TestNG.runSuitesLocally(TestNG.java:1140)
	at org.testng.TestNG.runSuites(TestNG.java:1069)
	at org.testng.TestNG.run(TestNG.java:1037)
	at org.apache.maven.surefire.testng.TestNGExecutor.run(TestNGExecutor.java:135)
	at org.apache.maven.surefire.testng.TestNGDirectoryTestSuite.executeMulti(TestNGDirectoryTestSuite.java:193)
	at org.apache.maven.surefire.testng.TestNGDirectoryTestSuite.execute(TestNGDirectoryTestSuite.java:94)
	at org.apache.maven.surefire.testng.TestNGProvider.invoke(TestNGProvider.java:146)
	at org.apache.maven.surefire.booter.ForkedBooter.invokeProviderInSameClassLoader(ForkedBooter.java:384)
	at org.apache.maven.surefire.booter.ForkedBooter.runSuitesInProcess(ForkedBooter.java:345)
	at org.apache.maven.surefire.booter.ForkedBooter.execute(ForkedBooter.java:126)
	at org.apache.maven.surefire.booter.ForkedBooter.main(ForkedBooter.java:418)
</pre></div></td>
<td>0</td>
<td>com.naveenAutomationPageTest.LoginPageTest@2c78324b</td></tr>
<tr>
<td title='com.naveenAutomationPageTest.RegisterAccountPageTest.validateUserIsAbleToRegisterWithValidInfo()'><b>validateUserIsAbleToRegisterWithValidInfo</b><br>Test class: com.naveenAutomationPageTest.RegisterAccountPageTest</td>
<td><div><pre>java.lang.Error
	at com.naveenautomation.pages.RegistrationSuccessPage.isLoaded(RegistrationSuccessPage.java:31)
	at com.naveenautomation.pages.Page.waitForPageToLoad(Page.java:25)
	at com.naveenautomation.pages.Page.&lt;init&gt;(Page.java:11)
	at com.naveenautomation.pages.RegistrationSuccessPage.&lt;init&gt;(RegistrationSuccessPage.java:12)
	at com.naveenautomation.pages.RegisterAccountPage.clickSubmitBtn(RegisterAccountPage.java:67)
	at com.naveenAutomationPageTest.RegisterAccountPageTest.validateUserIsAbleToRegisterWithValidInfo(RegisterAccountPageTest.java:200)
	at java.base/java.util.ArrayList.forEach(ArrayList.java:1511)
... Removed 32 stack frames</pre></div><a href='#' onClick='toggleBox("stack-trace1783933562", this, "Click to show all stack frames", "Click to hide stack frames")'>Click to show all stack frames</a>
<div class='stack-trace' id='stack-trace1783933562'><pre>java.lang.Error
	at com.naveenautomation.pages.RegistrationSuccessPage.isLoaded(RegistrationSuccessPage.java:31)
	at com.naveenautomation.pages.Page.waitForPageToLoad(Page.java:25)
	at com.naveenautomation.pages.Page.&lt;init&gt;(Page.java:11)
	at com.naveenautomation.pages.RegistrationSuccessPage.&lt;init&gt;(RegistrationSuccessPage.java:12)
	at com.naveenautomation.pages.RegisterAccountPage.clickSubmitBtn(RegisterAccountPage.java:67)
	at com.naveenAutomationPageTest.RegisterAccountPageTest.validateUserIsAbleToRegisterWithValidInfo(RegisterAccountPageTest.java:200)
	at java.base/jdk.internal.reflect.NativeMethodAccessorImpl.invoke0(Native Method)
	at java.base/jdk.internal.reflect.NativeMethodAccessorImpl.invoke(NativeMethodAccessorImpl.java:77)
	at java.base/jdk.internal.reflect.DelegatingMethodAccessorImpl.invoke(DelegatingMethodAccessorImpl.java:43)
	at java.base/java.lang.reflect.Method.invoke(Method.java:568)
	at org.testng.internal.MethodInvocationHelper.invokeMethod(MethodInvocationHelper.java:132)
	at org.testng.internal.TestInvoker.invokeMethod(TestInvoker.java:599)
	at org.testng.internal.TestInvoker.invokeTestMethod(TestInvoker.java:174)
	at org.testng.internal.MethodRunner.runInSequence(MethodRunner.java:46)
	at org.testng.internal.TestInvoker$MethodInvocationAgent.invoke(TestInvoker.java:822)
	at org.testng.internal.TestInvoker.invokeTestMethods(TestInvoker.java:147)
	at org.testng.internal.TestMethodWorker.invokeTestMethods(TestMethodWorker.java:146)
	at org.testng.internal.TestMethodWorker.run(TestMethodWorker.java:128)
	at java.base/java.util.ArrayList.forEach(ArrayList.java:1511)
	at org.testng.TestRunner.privateRun(TestRunner.java:764)
	at org.testng.TestRunner.run(TestRunner.java:585)
	at org.testng.SuiteRunner.runTest(SuiteRunner.java:384)
	at org.testng.SuiteRunner.runSequentially(SuiteRunner.java:378)
	at org.testng.SuiteRunner.privateRun(SuiteRunner.java:337)
	at org.testng.SuiteRunner.run(SuiteRunner.java:286)
	at org.testng.SuiteRunnerWorker.runSuite(SuiteRunnerWorker.java:53)
	at org.testng.SuiteRunnerWorker.run(SuiteRunnerWorker.java:96)
	at org.testng.TestNG.runSuitesSequentially(TestNG.java:1218)
	at org.testng.TestNG.runSuitesLocally(TestNG.java:1140)
	at org.testng.TestNG.runSuites(TestNG.java:1069)
	at org.testng.TestNG.run(TestNG.java:1037)
	at org.apache.maven.surefire.testng.TestNGExecutor.run(TestNGExecutor.java:135)
	at org.apache.maven.surefire.testng.TestNGDirectoryTestSuite.executeMulti(TestNGDirectoryTestSuite.java:193)
	at org.apache.maven.surefire.testng.TestNGDirectoryTestSuite.execute(TestNGDirectoryTestSuite.java:94)
	at org.apache.maven.surefire.testng.TestNGProvider.invoke(TestNGProvider.java:146)
	at org.apache.maven.surefire.booter.ForkedBooter.invokeProviderInSameClassLoader(ForkedBooter.java:384)
	at org.apache.maven.surefire.booter.ForkedBooter.runSuitesInProcess(ForkedBooter.java:345)
	at org.apache.maven.surefire.booter.ForkedBooter.execute(ForkedBooter.java:126)
	at org.apache.maven.surefire.booter.ForkedBooter.main(ForkedBooter.java:418)
</pre></div></td>
<td>3</td>
<td>com.naveenAutomationPageTest.RegisterAccountPageTest@18317edc</td></tr>
</table><p>
<table width='100%' border='1' class='invocation-passed'>
<tr><td colspan='4' align='center'><b>PASSED TESTS</b></td></tr>
<tr><td><b>Test method</b></td>
<td width="30%"><b>Exception</b></td>
<td width="10%"><b>Time (seconds)</b></td>
<td><b>Instance</b></td>
</tr>
<tr>
<td title='com.naveenAutomationPageTest.AccountPageTest.validateUserCanChangePassword()'><b>validateUserCanChangePassword</b><br>Test class: com.naveenAutomationPageTest.AccountPageTest</td>
<td></td>
<td>3</td>
<td>com.naveenAutomationPageTest.AccountPageTest@78fa769e</td></tr>
<tr>
<td title='com.naveenAutomationPageTest.AccountPageTest.validateUserCanEditPersonalInfo()'><b>validateUserCanEditPersonalInfo</b><br>Test class: com.naveenAutomationPageTest.AccountPageTest</td>
<td></td>
<td>3</td>
<td>com.naveenAutomationPageTest.AccountPageTest@78fa769e</td></tr>
<tr>
<td title='com.naveenAutomationPageTest.LoginPageTest.validateUserCanLoginWithValidCredentials()'><b>validateUserCanLoginWithValidCredentials</b><br>Test class: com.naveenAutomationPageTest.LoginPageTest</td>
<td></td>
<td>1</td>
<td>com.naveenAutomationPageTest.LoginPageTest@2c78324b</td></tr>
<tr>
<td title='com.naveenAutomationPageTest.LogoutPageTest.validateUserCanLogoutsafely()'><b>validateUserCanLogoutsafely</b><br>Test class: com.naveenAutomationPageTest.LogoutPageTest</td>
<td></td>
<td>4</td>
<td>com.naveenAutomationPageTest.LogoutPageTest@79defdc</td></tr>
<tr>
<td title='com.naveenAutomationPageTest.AddressBookEntriesPageTest.validateUserCanNavigateToAddressBook()'><b>validateUserCanNavigateToAddressBook</b><br>Test class: com.naveenAutomationPageTest.AddressBookEntriesPageTest</td>
<td></td>
<td>2</td>
<td>com.naveenAutomationPageTest.AddressBookEntriesPageTest@16612a51</td></tr>
<tr>
<td title='com.naveenAutomationPageTest.RegisterAccountPageTest.validateUserCanNotEnterInvalidFirstName()'><b>validateUserCanNotEnterInvalidFirstName</b><br>Test class: com.naveenAutomationPageTest.RegisterAccountPageTest</td>
<td></td>
<td>2</td>
<td>com.naveenAutomationPageTest.RegisterAccountPageTest@18317edc</td></tr>
<tr>
<td title='com.naveenAutomationPageTest.RegisterAccountPageTest.validateUserCanNotEnterInvalidLastName()'><b>validateUserCanNotEnterInvalidLastName</b><br>Test class: com.naveenAutomationPageTest.RegisterAccountPageTest</td>
<td></td>
<td>5</td>
<td>com.naveenAutomationPageTest.RegisterAccountPageTest@18317edc</td></tr>
<tr>
<td title='com.naveenAutomationPageTest.RegisterAccountPageTest.validateUserCanNotEnterInvalidTelephone()'><b>validateUserCanNotEnterInvalidTelephone</b><br>Test class: com.naveenAutomationPageTest.RegisterAccountPageTest</td>
<td></td>
<td>2</td>
<td>com.naveenAutomationPageTest.RegisterAccountPageTest@18317edc</td></tr>
<tr>
<td title='com.naveenAutomationPageTest.LoginPageTest.validateUserCanNotLoginWithInValidCredentials()'><b>validateUserCanNotLoginWithInValidCredentials</b><br>Test class: com.naveenAutomationPageTest.LoginPageTest</td>
<td></td>
<td>1</td>
<td>com.naveenAutomationPageTest.LoginPageTest@2c78324b</td></tr>
<tr>
<td title='com.naveenAutomationPageTest.RegisterAccountPageTest.validateUserCanNotSkipConfirmPassword()'><b>validateUserCanNotSkipConfirmPassword</b><br>Test class: com.naveenAutomationPageTest.RegisterAccountPageTest</td>
<td></td>
<td>2</td>
<td>com.naveenAutomationPageTest.RegisterAccountPageTest@18317edc</td></tr>
<tr>
<td title='com.naveenAutomationPageTest.RegisterAccountPageTest.validateUserCanNotSkipEmail()'><b>validateUserCanNotSkipEmail</b><br>Test class: com.naveenAutomationPageTest.RegisterAccountPageTest</td>
<td></td>
<td>2</td>
<td>com.naveenAutomationPageTest.RegisterAccountPageTest@18317edc</td></tr>
<tr>
<td title='com.naveenAutomationPageTest.RegisterAccountPageTest.validateUserCanNotSkipFirstName()'><b>validateUserCanNotSkipFirstName</b><br>Test class: com.naveenAutomationPageTest.RegisterAccountPageTest</td>
<td></td>
<td>2</td>
<td>com.naveenAutomationPageTest.RegisterAccountPageTest@18317edc</td></tr>
<tr>
<td title='com.naveenAutomationPageTest.RegisterAccountPageTest.validateUserCanNotSkipLastName()'><b>validateUserCanNotSkipLastName</b><br>Test class: com.naveenAutomationPageTest.RegisterAccountPageTest</td>
<td></td>
<td>2</td>
<td>com.naveenAutomationPageTest.RegisterAccountPageTest@18317edc</td></tr>
<tr>
<td title='com.naveenAutomationPageTest.RegisterAccountPageTest.validateUserCanNotSkipPassword()'><b>validateUserCanNotSkipPassword</b><br>Test class: com.naveenAutomationPageTest.RegisterAccountPageTest</td>
<td></td>
<td>2</td>
<td>com.naveenAutomationPageTest.RegisterAccountPageTest@18317edc</td></tr>
<tr>
<td title='com.naveenAutomationPageTest.AccountPageTest.validateUserCanUpdateNewsLetterSubscription()'><b>validateUserCanUpdateNewsLetterSubscription</b><br>Test class: com.naveenAutomationPageTest.AccountPageTest</td>
<td></td>
<td>3</td>
<td>com.naveenAutomationPageTest.AccountPageTest@78fa769e</td></tr>
<tr>
<td title='com.naveenAutomationPageTest.RegisterAccountPageTest.validateUserCheckEDPrivacyPolicyCheckBox()'><b>validateUserCheckEDPrivacyPolicyCheckBox</b><br>Test class: com.naveenAutomationPageTest.RegisterAccountPageTest</td>
<td></td>
<td>2</td>
<td>com.naveenAutomationPageTest.RegisterAccountPageTest@18317edc</td></tr>
<tr>
<td title='com.naveenAutomationPageTest.ViewProductReturnsPageTest.validateUserIsInViewProductReturnsPage()'><b>validateUserIsInViewProductReturnsPage</b><br>Test class: com.naveenAutomationPageTest.ViewProductReturnsPageTest</td>
<td></td>
<td>2</td>
<td>com.naveenAutomationPageTest.ViewProductReturnsPageTest@4e0ae11f</td></tr>
<tr>
<td title='com.naveenAutomationPageTest.WishListPageTest.validateUserIsInWishListPage()'><b>validateUserIsInWishListPage</b><br>Test class: com.naveenAutomationPageTest.WishListPageTest</td>
<td></td>
<td>2</td>
<td>com.naveenAutomationPageTest.WishListPageTest@238d68ff</td></tr>
<tr>
<td title='com.naveenAutomationPageTest.RegisterAccountPageTest.validateUserNavigatedToRegisterAccount()'><b>validateUserNavigatedToRegisterAccount</b><br>Test class: com.naveenAutomationPageTest.RegisterAccountPageTest</td>
<td></td>
<td>1</td>
<td>com.naveenAutomationPageTest.RegisterAccountPageTest@18317edc</td></tr>
<tr>
<td title='com.naveenAutomationPageTest.ForgottenPasswordPageTest.validateUserWillGetConfirmationLinkUsingValidEmail()'><b>validateUserWillGetConfirmationLinkUsingValidEmail</b><br>Test class: com.naveenAutomationPageTest.ForgottenPasswordPageTest</td>
<td></td>
<td>2</td>
<td>com.naveenAutomationPageTest.ForgottenPasswordPageTest@54e041a4</td></tr>
<tr>
<td title='com.naveenAutomationPageTest.ForgottenPasswordPageTest.validateUserWillNotGetConfirmationLinkUsingInvalidEmail()'><b>validateUserWillNotGetConfirmationLinkUsingInvalidEmail</b><br>Test class: com.naveenAutomationPageTest.ForgottenPasswordPageTest</td>
<td></td>
<td>1</td>
<td>com.naveenAutomationPageTest.ForgottenPasswordPageTest@54e041a4</td></tr>
</table><p>
</body>
</html>