<?xml version="1.0" encoding="UTF-8"?>
<!-- Generated by org.testng.reporters.JUnitXMLReporter -->
<testsuite ignored="0" hostname="vaish" failures="11" tests="23" name="Test" time="164.43" errors="0" timestamp="2023-11-14T18:27:42 EST">
  <testcase classname="com.naveenAutomationPageTest.AccountPageTest" name="validateUserCanChangePassword" time="1.034">
    <failure type="java.lang.ClassCastException" message="class com.naveenautomation.pages.LoginPage cannot be cast to class com.naveenautomation.pages.AccountPage (com.naveenautomation.pages.LoginPage and com.naveenautomation.pages.AccountPage are in unnamed module of loader &amp;apos;app&amp;apos;)">
      <![CDATA[java.lang.ClassCastException: class com.naveenautomation.pages.LoginPage cannot be cast to class com.naveenautomation.pages.AccountPage (com.naveenautomation.pages.LoginPage and com.naveenautomation.pages.AccountPage are in unnamed module of loader 'app')
at com.naveenAutomationPageTest.AccountPageTest.validateUserCanChangePassword(AccountPageTest.java:50)
at java.base/java.util.ArrayList.forEach(ArrayList.java:1511)
... Removed 27 stack frames]]>
    </failure>
  </testcase> <!-- validateUserCanChangePassword -->
  <testcase classname="com.naveenAutomationPageTest.AccountPageTest" name="validateUserCanEditPersonalInfo" time="1.035">
    <failure type="java.lang.ClassCastException" message="class com.naveenautomation.pages.LoginPage cannot be cast to class com.naveenautomation.pages.AccountPage (com.naveenautomation.pages.LoginPage and com.naveenautomation.pages.AccountPage are in unnamed module of loader &amp;apos;app&amp;apos;)">
      <![CDATA[java.lang.ClassCastException: class com.naveenautomation.pages.LoginPage cannot be cast to class com.naveenautomation.pages.AccountPage (com.naveenautomation.pages.LoginPage and com.naveenautomation.pages.AccountPage are in unnamed module of loader 'app')
at com.naveenAutomationPageTest.AccountPageTest.validateUserCanEditPersonalInfo(AccountPageTest.java:33)
at java.base/java.util.ArrayList.forEach(ArrayList.java:1511)
... Removed 27 stack frames]]>
    </failure>
  </testcase> <!-- validateUserCanEditPersonalInfo -->
  <testcase classname="com.naveenAutomationPageTest.AccountPageTest" name="validateUserCanUpdateNewsLetterSubscription" time="0.867">
    <failure type="java.lang.ClassCastException" message="class com.naveenautomation.pages.LoginPage cannot be cast to class com.naveenautomation.pages.AccountPage (com.naveenautomation.pages.LoginPage and com.naveenautomation.pages.AccountPage are in unnamed module of loader &amp;apos;app&amp;apos;)">
      <![CDATA[java.lang.ClassCastException: class com.naveenautomation.pages.LoginPage cannot be cast to class com.naveenautomation.pages.AccountPage (com.naveenautomation.pages.LoginPage and com.naveenautomation.pages.AccountPage are in unnamed module of loader 'app')
at com.naveenAutomationPageTest.AccountPageTest.validateUserCanUpdateNewsLetterSubscription(AccountPageTest.java:72)
at java.base/java.util.ArrayList.forEach(ArrayList.java:1511)
... Removed 27 stack frames]]>
    </failure>
  </testcase> <!-- validateUserCanUpdateNewsLetterSubscription -->
  <testcase classname="com.naveenAutomationPageTest.AddressBookEntriesPageTest" name="validateUserCanDeleteAddress" time="1.013">
    <failure type="java.lang.ClassCastException" message="class com.naveenautomation.pages.LoginPage cannot be cast to class com.naveenautomation.pages.AccountPage (com.naveenautomation.pages.LoginPage and com.naveenautomation.pages.AccountPage are in unnamed module of loader &amp;apos;app&amp;apos;)">
      <![CDATA[java.lang.ClassCastException: class com.naveenautomation.pages.LoginPage cannot be cast to class com.naveenautomation.pages.AccountPage (com.naveenautomation.pages.LoginPage and com.naveenautomation.pages.AccountPage are in unnamed module of loader 'app')
at com.naveenAutomationPageTest.AddressBookEntriesPageTest.validateUserCanDeleteAddress(AddressBookEntriesPageTest.java:45)
at java.base/java.util.ArrayList.forEach(ArrayList.java:1511)
... Removed 27 stack frames]]>
    </failure>
  </testcase> <!-- validateUserCanDeleteAddress -->
  <testcase classname="com.naveenAutomationPageTest.AddressBookEntriesPageTest" name="validateUserCanNavigateToAddressBook" time="1.176">
    <failure type="java.lang.ClassCastException" message="class com.naveenautomation.pages.LoginPage cannot be cast to class com.naveenautomation.pages.AccountPage (com.naveenautomation.pages.LoginPage and com.naveenautomation.pages.AccountPage are in unnamed module of loader &amp;apos;app&amp;apos;)">
      <![CDATA[java.lang.ClassCastException: class com.naveenautomation.pages.LoginPage cannot be cast to class com.naveenautomation.pages.AccountPage (com.naveenautomation.pages.LoginPage and com.naveenautomation.pages.AccountPage are in unnamed module of loader 'app')
at com.naveenAutomationPageTest.AddressBookEntriesPageTest.validateUserCanNavigateToAddressBook(AddressBookEntriesPageTest.java:30)
at java.base/java.util.ArrayList.forEach(ArrayList.java:1511)
... Removed 27 stack frames]]>
    </failure>
  </testcase> <!-- validateUserCanNavigateToAddressBook -->
  <testcase classname="com.naveenAutomationPageTest.ForgottenPasswordPageTest" name="validateUserWillGetConfirmationLinkUsingValidEmail" time="11.36">
    <failure type="org.openqa.selenium.TimeoutException" message="Expected condition failed: waiting for visibility of element located by By.cssSelector: div.alert-success (tried for 10 second(s) with 500 milliseconds interval)">
      <![CDATA[org.openqa.selenium.TimeoutException: Expected condition failed: waiting for visibility of element located by By.cssSelector: div.alert-success (tried for 10 second(s) with 500 milliseconds interval)
at org.openqa.selenium.support.ui.WebDriverWait.timeoutException(WebDriverWait.java:95)
at org.openqa.selenium.support.ui.FluentWait.until(FluentWait.java:272)
at com.naveenautomation.proxydriver.ProxyDriver.waitForElementToBeVisible(ProxyDriver.java:169)
at com.naveenautomation.proxydriver.ProxyDriver.getText(ProxyDriver.java:210)
at com.naveenautomation.pages.ForgottenPasswordPage.getForgottenPasswordPageSuccessMessage(ForgottenPasswordPage.java:44)
at com.naveenAutomationPageTest.ForgottenPasswordPageTest.validateUserWillGetConfirmationLinkUsingValidEmail(ForgottenPasswordPageTest.java:36)
at java.base/java.util.ArrayList.forEach(ArrayList.java:1511)
Caused by: org.openqa.selenium.NoSuchElementException: no such element: Unable to locate element: {"method":"css selector","selector":"div.alert-success"}
  (Session info: chrome=119.0.6045.124)
For documentation on this error, please visit: https://www.seleniumhq.org/exceptions/no_such_element.html
Build info: version: '3.141.59', revision: 'e82be7d358', time: '2018-11-14T08:17:03'
System info: host: 'VAISH', ip: '10.0.0.104', os.name: 'Windows 11', os.arch: 'amd64', os.version: '10.0', java.version: '17.0.7'
Driver info: org.openqa.selenium.chrome.ChromeDriver
Capabilities {acceptInsecureCerts: false, browserName: chrome, browserVersion: 119.0.6045.124, chrome: {chromedriverVersion: 119.0.6045.105 (38c72552c5e..., userDataDir: C:\Users\Vishnu\AppData\Loc...}, fedcm:accounts: true, goog:chromeOptions: {debuggerAddress: localhost:55881}, javascriptEnabled: true, networkConnectionEnabled: false, pageLoadStrategy: normal, platform: WINDOWS, platformName: WINDOWS, proxy: Proxy(), setWindowRect: true, strictFileInteractability: false, timeouts: {implicit: 0, pageLoad: 300000, script: 30000}, unhandledPromptBehavior: dismiss and notify, webauthn:extension:credBlob: true, webauthn:extension:largeBlob: true, webauthn:extension:minPinLength: true, webauthn:extension:prf: true, webauthn:virtualAuthenticators: true}
Session ID: 66eb9054b712141c6a0f03a33e20ba09
*** Element info: {Using=css selector, value=div.alert-success}
at org.openqa.selenium.remote.http.W3CHttpResponseCodec.createException(W3CHttpResponseCodec.java:187)
at org.openqa.selenium.remote.http.W3CHttpResponseCodec.decode(W3CHttpResponseCodec.java:122)
at org.openqa.selenium.remote.http.W3CHttpResponseCodec.decode(W3CHttpResponseCodec.java:49)
at org.openqa.selenium.remote.HttpCommandExecutor.execute(HttpCommandExecutor.java:158)
at org.openqa.selenium.remote.service.DriverCommandExecutor.execute(DriverCommandExecutor.java:83)
at org.openqa.selenium.remote.RemoteWebDriver.execute(RemoteWebDriver.java:552)
at org.openqa.selenium.remote.RemoteWebDriver.findElement(RemoteWebDriver.java:323)
at org.openqa.selenium.remote.RemoteWebDriver.findElementByCssSelector(RemoteWebDriver.java:420)
at org.openqa.selenium.By$ByCssSelector.findElement(By.java:431)
at org.openqa.selenium.remote.RemoteWebDriver.findElement(RemoteWebDriver.java:315)
at com.naveenautomation.proxydriver.ProxyDriver.findElement(ProxyDriver.java:60)
at org.openqa.selenium.support.ui.ExpectedConditions$7.apply(ExpectedConditions.java:205)
at org.openqa.selenium.support.ui.ExpectedConditions$7.apply(ExpectedConditions.java:201)
at org.openqa.selenium.support.ui.FluentWait.until(FluentWait.java:249)
... 32 more
... Removed 32 stack frames]]>
    </failure>
  </testcase> <!-- validateUserWillGetConfirmationLinkUsingValidEmail -->
  <testcase classname="com.naveenAutomationPageTest.ForgottenPasswordPageTest" name="validateUserWillNotGetConfirmationLinkUsingInvalidEmail" time="1.526"/>
  <testcase classname="com.naveenAutomationPageTest.LoginPageTest" name="validateUserCanLoginWithValidCredentials" time="0.873">
    <failure type="java.lang.ClassCastException" message="class com.naveenautomation.pages.LoginPage cannot be cast to class com.naveenautomation.pages.AccountPage (com.naveenautomation.pages.LoginPage and com.naveenautomation.pages.AccountPage are in unnamed module of loader &amp;apos;app&amp;apos;)">
      <![CDATA[java.lang.ClassCastException: class com.naveenautomation.pages.LoginPage cannot be cast to class com.naveenautomation.pages.AccountPage (com.naveenautomation.pages.LoginPage and com.naveenautomation.pages.AccountPage are in unnamed module of loader 'app')
at com.naveenAutomationPageTest.LoginPageTest.validateUserCanLoginWithValidCredentials(LoginPageTest.java:32)
at java.base/java.util.ArrayList.forEach(ArrayList.java:1511)
... Removed 27 stack frames]]>
    </failure>
  </testcase> <!-- validateUserCanLoginWithValidCredentials -->
  <testcase classname="com.naveenAutomationPageTest.LoginPageTest" name="validateUserCanNotLoginWithInValidCredentials" time="1.09">
    <failure type="java.lang.AssertionError" message="User is logedin expected [Warning: No match for E-Mail Address and/or Password.] but found [Warning: Your account has exceeded allowed number of login attempts. Please try again in 1 hour.]">
      <![CDATA[java.lang.AssertionError: User is logedin expected [Warning: No match for E-Mail Address and/or Password.] but found [Warning: Your account has exceeded allowed number of login attempts. Please try again in 1 hour.]
at com.naveenAutomationPageTest.LoginPageTest.validateUserCanNotLoginWithInValidCredentials(LoginPageTest.java:43)
at java.base/java.util.ArrayList.forEach(ArrayList.java:1511)
... Removed 32 stack frames]]>
    </failure>
  </testcase> <!-- validateUserCanNotLoginWithInValidCredentials -->
  <testcase classname="com.naveenAutomationPageTest.LoginPageTest" name="validateUserIsAbleToNavigateToForgottenPasswordPage" time="0.736"/>
  <testcase classname="com.naveenAutomationPageTest.LogoutPageTest" name="validateUserCanLogoutsafely" time="0.891">
    <failure type="java.lang.ClassCastException" message="class com.naveenautomation.pages.LoginPage cannot be cast to class com.naveenautomation.pages.AccountPage (com.naveenautomation.pages.LoginPage and com.naveenautomation.pages.AccountPage are in unnamed module of loader &amp;apos;app&amp;apos;)">
      <![CDATA[java.lang.ClassCastException: class com.naveenautomation.pages.LoginPage cannot be cast to class com.naveenautomation.pages.AccountPage (com.naveenautomation.pages.LoginPage and com.naveenautomation.pages.AccountPage are in unnamed module of loader 'app')
at com.naveenAutomationPageTest.LogoutPageTest.validateUserCanLogoutsafely(LogoutPageTest.java:31)
at java.base/java.util.ArrayList.forEach(ArrayList.java:1511)
... Removed 27 stack frames]]>
    </failure>
  </testcase> <!-- validateUserCanLogoutsafely -->
  <testcase classname="com.naveenAutomationPageTest.ViewProductReturnsPageTest" name="validateUserIsInViewProductReturnsPage" time="0.93">
    <failure type="java.lang.ClassCastException" message="class com.naveenautomation.pages.LoginPage cannot be cast to class com.naveenautomation.pages.AccountPage (com.naveenautomation.pages.LoginPage and com.naveenautomation.pages.AccountPage are in unnamed module of loader &amp;apos;app&amp;apos;)">
      <![CDATA[java.lang.ClassCastException: class com.naveenautomation.pages.LoginPage cannot be cast to class com.naveenautomation.pages.AccountPage (com.naveenautomation.pages.LoginPage and com.naveenautomation.pages.AccountPage are in unnamed module of loader 'app')
at com.naveenAutomationPageTest.ViewProductReturnsPageTest.validateUserIsInViewProductReturnsPage(ViewProductReturnsPageTest.java:28)
at java.base/java.util.ArrayList.forEach(ArrayList.java:1511)
... Removed 27 stack frames]]>
    </failure>
  </testcase> <!-- validateUserIsInViewProductReturnsPage -->
  <testcase classname="com.naveenAutomationPageTest.RegisterAccountPageTest" name="validateUserCanNotEnterInvalidFirstName" time="2.996"/>
  <testcase classname="com.naveenAutomationPageTest.RegisterAccountPageTest" name="validateUserCanNotEnterInvalidLastName" time="2.458"/>
  <testcase classname="com.naveenAutomationPageTest.RegisterAccountPageTest" name="validateUserCanNotEnterInvalidTelephone" time="2.373"/>
  <testcase classname="com.naveenAutomationPageTest.RegisterAccountPageTest" name="validateUserCanNotSkipConfirmPassword" time="2.344"/>
  <testcase classname="com.naveenAutomationPageTest.RegisterAccountPageTest" name="validateUserCanNotSkipEmail" time="2.6"/>
  <testcase classname="com.naveenAutomationPageTest.RegisterAccountPageTest" name="validateUserCanNotSkipFirstName" time="2.214"/>
  <testcase classname="com.naveenAutomationPageTest.RegisterAccountPageTest" name="validateUserCanNotSkipLastName" time="2.386"/>
  <testcase classname="com.naveenAutomationPageTest.RegisterAccountPageTest" name="validateUserCanNotSkipPassword" time="2.333"/>
  <testcase classname="com.naveenAutomationPageTest.RegisterAccountPageTest" name="validateUserCheckEDPrivacyPolicyCheckBox" time="2.332"/>
  <testcase classname="com.naveenAutomationPageTest.RegisterAccountPageTest" name="validateUserIsAbleToRegisterWithValidInfo" time="2.249">
    <failure type="java.lang.Error">
      <![CDATA[java.lang.Error
at com.naveenautomation.pages.RegistrationSuccessPage.isLoaded(RegistrationSuccessPage.java:31)
at com.naveenautomation.pages.Page.waitForPageToLoad(Page.java:25)
at com.naveenautomation.pages.Page.<init>(Page.java:11)
at com.naveenautomation.pages.RegistrationSuccessPage.<init>(RegistrationSuccessPage.java:12)
at com.naveenautomation.pages.RegisterAccountPage.clickSubmitBtn(RegisterAccountPage.java:67)
at com.naveenAutomationPageTest.RegisterAccountPageTest.validateUserIsAbleToRegisterWithValidInfo(RegisterAccountPageTest.java:200)
at java.base/java.util.ArrayList.forEach(ArrayList.java:1511)
... Removed 27 stack frames]]>
    </failure>
  </testcase> <!-- validateUserIsAbleToRegisterWithValidInfo -->
  <testcase classname="com.naveenAutomationPageTest.RegisterAccountPageTest" name="validateUserNavigatedToRegisterAccount" time="1.307"/>
</testsuite> <!-- Test -->
