<!DOCTYPE html PUBLIC "-//W3C//DTD XHTML 1.1//EN" "https://www.w3.org/TR/xhtml11/DTD/xhtml11.dtd">
<html xmlns="https://www.w3.org/1999/xhtml">
<head>
<meta http-equiv="content-type" content="text/html; charset=UTF-8"/>
<title>TestNG Report</title>
<style type="text/css">table {margin-bottom:10px;border-collapse:collapse;empty-cells:show}th,td {border:1px solid #009;padding:.25em .5em}th {vertical-align:bottom}td {vertical-align:top}table a {font-weight:bold}.stripe td {background-color: #E6EBF9}.num {text-align:right}.passedodd td {background-color: #3F3}.passedeven td {background-color: #0A0}.skippedodd td {background-color: #DDD}.skippedeven td {background-color: #CCC}.failedodd td,.attn {background-color: #F33}.failedeven td,.stripe .attn {background-color: #D00}.stacktrace {white-space:pre;font-family:monospace}.totop {font-size:85%;text-align:center;border-bottom:2px solid #000}.invisible {display:none}</style>
</head>
<body>
<table>
<tr><th>Test</th><th># Passed</th><th># Skipped</th><th># Retried</th><th># Failed</th><th>Time (ms)</th><th>Included Groups</th><th>Excluded Groups</th></tr>
<tr><th colspan="8">Surefire suite</th></tr>
<tr><td><a href="#t0">Surefire test</a></td><td class="num">21</td><td class="num">0</td><td class="num">0</td><td class="num attn">3</td><td class="num">200,745</td><td></td><td></td></tr>
</table>
<table id='summary'><thead><tr><th>Class</th><th>Method</th><th>Start</th><th>Time (ms)</th></tr></thead><tbody><tr><th colspan="4">Surefire suite</th></tr></tbody><tbody id="t0"><tr><th colspan="4">Surefire test &#8212; failed</th></tr><tr class="failedeven"><td rowspan="1">com.naveenAutomationPageTest.AddressBookEntriesPageTest</td><td><a href="#m0">validateUserCanDeleteAddress</a></td><td rowspan="1">1700420257147</td><td rowspan="1">15597</td></tr><tr class="failedodd"><td rowspan="1">com.naveenAutomationPageTest.LoginPageTest</td><td><a href="#m1">validateUserIsAbleToNavigateToForgottenPasswordPage</a></td><td rowspan="1">1700420308501</td><td rowspan="1">222</td></tr><tr class="failedeven"><td rowspan="1">com.naveenAutomationPageTest.RegisterAccountPageTest</td><td><a href="#m2">validateUserIsAbleToRegisterWithValidInfo</a></td><td rowspan="1">1700420400338</td><td rowspan="1">3048</td></tr><tr><th colspan="4">Surefire test &#8212; passed</th></tr><tr class="passedeven"><td rowspan="3">com.naveenAutomationPageTest.AccountPageTest</td><td><a href="#m3">validateUserCanChangePassword</a></td><td rowspan="1">1700420230873</td><td rowspan="1">3448</td></tr><tr class="passedeven"><td><a href="#m4">validateUserCanEditPersonalInfo</a></td><td rowspan="1">1700420240212</td><td rowspan="1">3608</td></tr><tr class="passedeven"><td><a href="#m5">validateUserCanUpdateNewsLetterSubscription</a></td><td rowspan="1">1700420248256</td><td rowspan="1">3649</td></tr><tr class="passedodd"><td rowspan="1">com.naveenAutomationPageTest.AddressBookEntriesPageTest</td><td><a href="#m6">validateUserCanNavigateToAddressBook</a></td><td rowspan="1">1700420277301</td><td rowspan="1">2086</td></tr><tr class="passedeven"><td rowspan="2">com.naveenAutomationPageTest.ForgottenPasswordPageTest</td><td><a href="#m7">validateUserWillGetConfirmationLinkUsingValidEmail</a></td><td rowspan="1">1700420284359</td><td rowspan="1">2195</td></tr><tr class="passedeven"><td><a href="#m8">validateUserWillNotGetConfirmationLinkUsingInvalidEmail</a></td><td rowspan="1">1700420290763</td><td rowspan="1">1622</td></tr><tr class="passedodd"><td rowspan="2">com.naveenAutomationPageTest.LoginPageTest</td><td><a href="#m9">validateUserCanLoginWithValidCredentials</a></td><td rowspan="1">1700420297300</td><td rowspan="1">1346</td></tr><tr class="passedodd"><td><a href="#m10">validateUserCanNotLoginWithInValidCredentials</a></td><td rowspan="1">1700420302909</td><td rowspan="1">1108</td></tr><tr class="passedeven"><td rowspan="1">com.naveenAutomationPageTest.LogoutPageTest</td><td><a href="#m11">validateUserCanLogoutsafely</a></td><td rowspan="1">1700420312761</td><td rowspan="1">4193</td></tr><tr class="passedodd"><td rowspan="10">com.naveenAutomationPageTest.RegisterAccountPageTest</td><td><a href="#m12">validateUserCanNotEnterInvalidFirstName</a></td><td rowspan="1">1700420321547</td><td rowspan="1">2960</td></tr><tr class="passedodd"><td><a href="#m13">validateUserCanNotEnterInvalidLastName</a></td><td rowspan="1">1700420328624</td><td rowspan="1">5029</td></tr><tr class="passedodd"><td><a href="#m14">validateUserCanNotEnterInvalidTelephone</a></td><td rowspan="1">1700420338319</td><td rowspan="1">2847</td></tr><tr class="passedodd"><td><a href="#m15">validateUserCanNotSkipConfirmPassword</a></td><td rowspan="1">1700420346119</td><td rowspan="1">2796</td></tr><tr class="passedodd"><td><a href="#m16">validateUserCanNotSkipEmail</a></td><td rowspan="1">1700420354318</td><td rowspan="1">2995</td></tr><tr class="passedodd"><td><a href="#m17">validateUserCanNotSkipFirstName</a></td><td rowspan="1">1700420365291</td><td rowspan="1">2725</td></tr><tr class="passedodd"><td><a href="#m18">validateUserCanNotSkipLastName</a></td><td rowspan="1">1700420373136</td><td rowspan="1">2873</td></tr><tr class="passedodd"><td><a href="#m19">validateUserCanNotSkipPassword</a></td><td rowspan="1">1700420384685</td><td rowspan="1">2610</td></tr><tr class="passedodd"><td><a href="#m20">validateUserCheckEDPrivacyPolicyCheckBox</a></td><td rowspan="1">1700420393118</td><td rowspan="1">2642</td></tr><tr class="passedodd"><td><a href="#m21">validateUserNavigatedToRegisterAccount</a></td><td rowspan="1">1700420408103</td><td rowspan="1">1490</td></tr><tr class="passedeven"><td rowspan="1">com.naveenAutomationPageTest.ViewProductReturnsPageTest</td><td><a href="#m22">validateUserIsInViewProductReturnsPage</a></td><td rowspan="1">1700420413917</td><td rowspan="1">2887</td></tr><tr class="passedodd"><td rowspan="1">com.naveenAutomationPageTest.WishListPageTest</td><td><a href="#m23">validateUserIsInWishListPage</a></td><td rowspan="1">1700420421903</td><td rowspan="1">2015</td></tr></tbody>
</table>
<h2>Surefire test</h2><h3 id="m0">com.naveenAutomationPageTest.AddressBookEntriesPageTest#validateUserCanDeleteAddress</h3><table class="result"><tr><th>Exception</th></tr><tr><td><div class="stacktrace">org.openqa.selenium.TimeoutException: Expected condition failed: waiting for visibility of element located by By.xpath: //div[text()=&apos; Warning: You can not delete your default address!&apos;] (tried for 10 second(s) with 500 milliseconds interval)
	at org.openqa.selenium.support.ui.WebDriverWait.timeoutException(WebDriverWait.java:95)
	at org.openqa.selenium.support.ui.FluentWait.until(FluentWait.java:272)
	at com.naveenautomation.proxydriver.ProxyDriver.waitForElementToBeVisible(ProxyDriver.java:169)
	at com.naveenautomation.proxydriver.ProxyDriver.getText(ProxyDriver.java:210)
	at com.naveenautomation.pages.AddressBookPage.getDeleteDefaultAddressUnsuccessfullMessage(AddressBookPage.java:95)
	at com.naveenAutomationPageTest.AddressBookEntriesPageTest.validateUserCanDeleteAddress(AddressBookEntriesPageTest.java:52)
	at java.base/java.util.ArrayList.forEach(ArrayList.java:1511)
Caused by: org.openqa.selenium.NoSuchElementException: no such element: Unable to locate element: {&quot;method&quot;:&quot;xpath&quot;,&quot;selector&quot;:&quot;//div[text()=&apos; Warning: You can not delete your default address!&apos;]&quot;}
  (Session info: chrome=119.0.6045.160)
For documentation on this error, please visit: https://www.seleniumhq.org/exceptions/no_such_element.html
Build info: version: &apos;3.141.59&apos;, revision: &apos;e82be7d358&apos;, time: &apos;2018-11-14T08:17:03&apos;
System info: host: &apos;VAISH&apos;, ip: &apos;192.168.137.1&apos;, os.name: &apos;Windows 11&apos;, os.arch: &apos;amd64&apos;, os.version: &apos;10.0&apos;, java.version: &apos;17.0.7&apos;
Driver info: org.openqa.selenium.chrome.ChromeDriver
Capabilities {acceptInsecureCerts: false, browserName: chrome, browserVersion: 119.0.6045.160, chrome: {chromedriverVersion: 119.0.6045.105 (38c72552c5e..., userDataDir: C:\Users\Vishnu\AppData\Loc...}, fedcm:accounts: true, goog:chromeOptions: {debuggerAddress: localhost:49908}, javascriptEnabled: true, networkConnectionEnabled: false, pageLoadStrategy: normal, platform: WINDOWS, platformName: WINDOWS, proxy: Proxy(), setWindowRect: true, strictFileInteractability: false, timeouts: {implicit: 0, pageLoad: 300000, script: 30000}, unhandledPromptBehavior: dismiss and notify, webauthn:extension:credBlob: true, webauthn:extension:largeBlob: true, webauthn:extension:minPinLength: true, webauthn:extension:prf: true, webauthn:virtualAuthenticators: true}
Session ID: 007f43ec1bb11879b9ddaf3458826964
*** Element info: {Using=xpath, value=//div[text()=&apos; Warning: You can not delete your default address!&apos;]}
	at org.openqa.selenium.remote.http.W3CHttpResponseCodec.createException(W3CHttpResponseCodec.java:187)
	at org.openqa.selenium.remote.http.W3CHttpResponseCodec.decode(W3CHttpResponseCodec.java:122)
	at org.openqa.selenium.remote.http.W3CHttpResponseCodec.decode(W3CHttpResponseCodec.java:49)
	at org.openqa.selenium.remote.HttpCommandExecutor.execute(HttpCommandExecutor.java:158)
	at org.openqa.selenium.remote.service.DriverCommandExecutor.execute(DriverCommandExecutor.java:83)
	at org.openqa.selenium.remote.RemoteWebDriver.execute(RemoteWebDriver.java:552)
	at org.openqa.selenium.remote.RemoteWebDriver.findElement(RemoteWebDriver.java:323)
	at org.openqa.selenium.remote.RemoteWebDriver.findElementByXPath(RemoteWebDriver.java:428)
	at org.openqa.selenium.By$ByXPath.findElement(By.java:353)
	at org.openqa.selenium.remote.RemoteWebDriver.findElement(RemoteWebDriver.java:315)
	at com.naveenautomation.proxydriver.ProxyDriver.findElement(ProxyDriver.java:60)
	at org.openqa.selenium.support.ui.ExpectedConditions$7.apply(ExpectedConditions.java:205)
	at org.openqa.selenium.support.ui.ExpectedConditions$7.apply(ExpectedConditions.java:201)
	at org.openqa.selenium.support.ui.FluentWait.until(FluentWait.java:249)
	... 37 more
... Removed 37 stack frames</div></td></tr></table><p class="totop"><a href="#summary">back to summary</a></p>
<h3 id="m1">com.naveenAutomationPageTest.LoginPageTest#validateUserIsAbleToNavigateToForgottenPasswordPage</h3><table class="result"><tr><th>Exception</th></tr><tr><td><div class="stacktrace">java.lang.Error
	at com.naveenautomation.pages.ForgottenPasswordPage.isLoaded(ForgottenPasswordPage.java:51)
	at com.naveenautomation.pages.Page.waitForPageToLoad(Page.java:25)
	at com.naveenautomation.pages.Page.&lt;init&gt;(Page.java:11)
	at com.naveenautomation.pages.ForgottenPasswordPage.&lt;init&gt;(ForgottenPasswordPage.java:13)
	at com.naveenautomation.pages.LoginPage.clickForgottenPasswordPageLink(LoginPage.java:46)
	at com.naveenAutomationPageTest.LoginPageTest.validateUserIsAbleToNavigateToForgottenPasswordPage(LoginPageTest.java:49)
	at java.base/java.util.ArrayList.forEach(ArrayList.java:1511)
... Removed 32 stack frames</div></td></tr></table><p class="totop"><a href="#summary">back to summary</a></p>
<h3 id="m2">com.naveenAutomationPageTest.RegisterAccountPageTest#validateUserIsAbleToRegisterWithValidInfo</h3><table class="result"><tr><th>Exception</th></tr><tr><td><div class="stacktrace">java.lang.Error
	at com.naveenautomation.pages.RegistrationSuccessPage.isLoaded(RegistrationSuccessPage.java:31)
	at com.naveenautomation.pages.Page.waitForPageToLoad(Page.java:25)
	at com.naveenautomation.pages.Page.&lt;init&gt;(Page.java:11)
	at com.naveenautomation.pages.RegistrationSuccessPage.&lt;init&gt;(RegistrationSuccessPage.java:12)
	at com.naveenautomation.pages.RegisterAccountPage.clickSubmitBtn(RegisterAccountPage.java:67)
	at com.naveenAutomationPageTest.RegisterAccountPageTest.validateUserIsAbleToRegisterWithValidInfo(RegisterAccountPageTest.java:200)
	at java.base/java.util.ArrayList.forEach(ArrayList.java:1511)
... Removed 32 stack frames</div></td></tr></table><p class="totop"><a href="#summary">back to summary</a></p>
<h3 id="m3">com.naveenAutomationPageTest.AccountPageTest#validateUserCanChangePassword</h3><table class="result"><tr><th class="invisible"/></tr></table><p class="totop"><a href="#summary">back to summary</a></p>
<h3 id="m4">com.naveenAutomationPageTest.AccountPageTest#validateUserCanEditPersonalInfo</h3><table class="result"><tr><th class="invisible"/></tr></table><p class="totop"><a href="#summary">back to summary</a></p>
<h3 id="m5">com.naveenAutomationPageTest.AccountPageTest#validateUserCanUpdateNewsLetterSubscription</h3><table class="result"><tr><th class="invisible"/></tr></table><p class="totop"><a href="#summary">back to summary</a></p>
<h3 id="m6">com.naveenAutomationPageTest.AddressBookEntriesPageTest#validateUserCanNavigateToAddressBook</h3><table class="result"><tr><th class="invisible"/></tr></table><p class="totop"><a href="#summary">back to summary</a></p>
<h3 id="m7">com.naveenAutomationPageTest.ForgottenPasswordPageTest#validateUserWillGetConfirmationLinkUsingValidEmail</h3><table class="result"><tr><th class="invisible"/></tr></table><p class="totop"><a href="#summary">back to summary</a></p>
<h3 id="m8">com.naveenAutomationPageTest.ForgottenPasswordPageTest#validateUserWillNotGetConfirmationLinkUsingInvalidEmail</h3><table class="result"><tr><th class="invisible"/></tr></table><p class="totop"><a href="#summary">back to summary</a></p>
<h3 id="m9">com.naveenAutomationPageTest.LoginPageTest#validateUserCanLoginWithValidCredentials</h3><table class="result"><tr><th class="invisible"/></tr></table><p class="totop"><a href="#summary">back to summary</a></p>
<h3 id="m10">com.naveenAutomationPageTest.LoginPageTest#validateUserCanNotLoginWithInValidCredentials</h3><table class="result"><tr><th class="invisible"/></tr></table><p class="totop"><a href="#summary">back to summary</a></p>
<h3 id="m11">com.naveenAutomationPageTest.LogoutPageTest#validateUserCanLogoutsafely</h3><table class="result"><tr><th class="invisible"/></tr></table><p class="totop"><a href="#summary">back to summary</a></p>
<h3 id="m12">com.naveenAutomationPageTest.RegisterAccountPageTest#validateUserCanNotEnterInvalidFirstName</h3><table class="result"><tr><th class="invisible"/></tr></table><p class="totop"><a href="#summary">back to summary</a></p>
<h3 id="m13">com.naveenAutomationPageTest.RegisterAccountPageTest#validateUserCanNotEnterInvalidLastName</h3><table class="result"><tr><th class="invisible"/></tr></table><p class="totop"><a href="#summary">back to summary</a></p>
<h3 id="m14">com.naveenAutomationPageTest.RegisterAccountPageTest#validateUserCanNotEnterInvalidTelephone</h3><table class="result"><tr><th class="invisible"/></tr></table><p class="totop"><a href="#summary">back to summary</a></p>
<h3 id="m15">com.naveenAutomationPageTest.RegisterAccountPageTest#validateUserCanNotSkipConfirmPassword</h3><table class="result"><tr><th class="invisible"/></tr></table><p class="totop"><a href="#summary">back to summary</a></p>
<h3 id="m16">com.naveenAutomationPageTest.RegisterAccountPageTest#validateUserCanNotSkipEmail</h3><table class="result"><tr><th class="invisible"/></tr></table><p class="totop"><a href="#summary">back to summary</a></p>
<h3 id="m17">com.naveenAutomationPageTest.RegisterAccountPageTest#validateUserCanNotSkipFirstName</h3><table class="result"><tr><th class="invisible"/></tr></table><p class="totop"><a href="#summary">back to summary</a></p>
<h3 id="m18">com.naveenAutomationPageTest.RegisterAccountPageTest#validateUserCanNotSkipLastName</h3><table class="result"><tr><th class="invisible"/></tr></table><p class="totop"><a href="#summary">back to summary</a></p>
<h3 id="m19">com.naveenAutomationPageTest.RegisterAccountPageTest#validateUserCanNotSkipPassword</h3><table class="result"><tr><th class="invisible"/></tr></table><p class="totop"><a href="#summary">back to summary</a></p>
<h3 id="m20">com.naveenAutomationPageTest.RegisterAccountPageTest#validateUserCheckEDPrivacyPolicyCheckBox</h3><table class="result"><tr><th class="invisible"/></tr></table><p class="totop"><a href="#summary">back to summary</a></p>
<h3 id="m21">com.naveenAutomationPageTest.RegisterAccountPageTest#validateUserNavigatedToRegisterAccount</h3><table class="result"><tr><th class="invisible"/></tr></table><p class="totop"><a href="#summary">back to summary</a></p>
<h3 id="m22">com.naveenAutomationPageTest.ViewProductReturnsPageTest#validateUserIsInViewProductReturnsPage</h3><table class="result"><tr><th class="invisible"/></tr></table><p class="totop"><a href="#summary">back to summary</a></p>
<h3 id="m23">com.naveenAutomationPageTest.WishListPageTest#validateUserIsInWishListPage</h3><table class="result"><tr><th class="invisible"/></tr></table><p class="totop"><a href="#summary">back to summary</a></p>
</body>
</html>
