<?xml version="1.0" encoding="UTF-8"?>
<testng-results ignored="0" total="24" passed="21" failed="3" skipped="0">
  <reporter-output>
  </reporter-output>
  <suite started-at="2023-11-19T13:57:03 EST" name="Surefire suite" finished-at="2023-11-19T14:00:24 EST" duration-ms="200745">
    <groups>
    </groups>
    <test started-at="2023-11-19T13:57:03 EST" name="Surefire test" finished-at="2023-11-19T14:00:24 EST" duration-ms="200745">
      <class name="com.naveenAutomationPageTest.LoginPageTest">
        <test-method is-config="true" signature="loggerSetup()[pri:0, instance:com.naveenAutomationPageTest.LoginPageTest@2c78324b]" started-at="2023-11-19T13:58:12 EST" name="loggerSetup" finished-at="2023-11-19T13:58:12 EST" duration-ms="4" status="PASS">
          <reporter-output>
          </reporter-output>
        </test-method> <!-- loggerSetup -->
        <test-method is-config="true" signature="launchBrowser()[pri:0, instance:com.naveenAutomationPageTest.LoginPageTest@2c78324b]" started-at="2023-11-19T13:58:12 EST" name="launchBrowser" finished-at="2023-11-19T13:58:17 EST" duration-ms="4663" status="PASS">
          <reporter-output>
          </reporter-output>
        </test-method> <!-- launchBrowser -->
        <test-method signature="validateUserCanLoginWithValidCredentials()[pri:0, instance:com.naveenAutomationPageTest.LoginPageTest@2c78324b]" started-at="2023-11-19T13:58:17 EST" name="validateUserCanLoginWithValidCredentials" finished-at="2023-11-19T13:58:18 EST" duration-ms="1346" status="PASS">
          <reporter-output>
          </reporter-output>
        </test-method> <!-- validateUserCanLoginWithValidCredentials -->
        <test-method is-config="true" signature="quitBrowser()[pri:0, instance:com.naveenAutomationPageTest.LoginPageTest@2c78324b]" started-at="2023-11-19T13:58:18 EST" name="quitBrowser" finished-at="2023-11-19T13:58:18 EST" duration-ms="240" status="PASS">
          <reporter-output>
          </reporter-output>
        </test-method> <!-- quitBrowser -->
        <test-method is-config="true" signature="tearDown()[pri:0, instance:com.naveenAutomationPageTest.LoginPageTest@2c78324b]" started-at="2023-11-19T13:58:18 EST" name="tearDown" finished-at="2023-11-19T13:58:18 EST" duration-ms="1" status="PASS">
          <reporter-output>
          </reporter-output>
        </test-method> <!-- tearDown -->
        <test-method is-config="true" signature="launchBrowser()[pri:0, instance:com.naveenAutomationPageTest.LoginPageTest@2c78324b]" started-at="2023-11-19T13:58:18 EST" name="launchBrowser" finished-at="2023-11-19T13:58:22 EST" duration-ms="4008" status="PASS">
          <reporter-output>
          </reporter-output>
        </test-method> <!-- launchBrowser -->
        <test-method signature="validateUserCanNotLoginWithInValidCredentials()[pri:0, instance:com.naveenAutomationPageTest.LoginPageTest@2c78324b]" started-at="2023-11-19T13:58:22 EST" name="validateUserCanNotLoginWithInValidCredentials" finished-at="2023-11-19T13:58:24 EST" duration-ms="1108" status="PASS">
          <reporter-output>
          </reporter-output>
        </test-method> <!-- validateUserCanNotLoginWithInValidCredentials -->
        <test-method is-config="true" signature="quitBrowser()[pri:0, instance:com.naveenAutomationPageTest.LoginPageTest@2c78324b]" started-at="2023-11-19T13:58:24 EST" name="quitBrowser" finished-at="2023-11-19T13:58:24 EST" duration-ms="282" status="PASS">
          <reporter-output>
          </reporter-output>
        </test-method> <!-- quitBrowser -->
        <test-method is-config="true" signature="tearDown()[pri:0, instance:com.naveenAutomationPageTest.LoginPageTest@2c78324b]" started-at="2023-11-19T13:58:24 EST" name="tearDown" finished-at="2023-11-19T13:58:24 EST" duration-ms="1" status="PASS">
          <reporter-output>
          </reporter-output>
        </test-method> <!-- tearDown -->
        <test-method is-config="true" signature="launchBrowser()[pri:0, instance:com.naveenAutomationPageTest.LoginPageTest@2c78324b]" started-at="2023-11-19T13:58:24 EST" name="launchBrowser" finished-at="2023-11-19T13:58:28 EST" duration-ms="4192" status="PASS">
          <reporter-output>
          </reporter-output>
        </test-method> <!-- launchBrowser -->
        <test-method signature="validateUserIsAbleToNavigateToForgottenPasswordPage()[pri:0, instance:com.naveenAutomationPageTest.LoginPageTest@2c78324b]" started-at="2023-11-19T13:58:28 EST" name="validateUserIsAbleToNavigateToForgottenPasswordPage" finished-at="2023-11-19T13:58:28 EST" duration-ms="222" status="FAIL">
          <exception class="java.lang.Error">
            <full-stacktrace>
              <![CDATA[java.lang.Error
at com.naveenautomation.pages.ForgottenPasswordPage.isLoaded(ForgottenPasswordPage.java:51)
at com.naveenautomation.pages.Page.waitForPageToLoad(Page.java:25)
at com.naveenautomation.pages.Page.<init>(Page.java:11)
at com.naveenautomation.pages.ForgottenPasswordPage.<init>(ForgottenPasswordPage.java:13)
at com.naveenautomation.pages.LoginPage.clickForgottenPasswordPageLink(LoginPage.java:46)
at com.naveenAutomationPageTest.LoginPageTest.validateUserIsAbleToNavigateToForgottenPasswordPage(LoginPageTest.java:49)
at java.base/jdk.internal.reflect.NativeMethodAccessorImpl.invoke0(Native Method)
at java.base/jdk.internal.reflect.NativeMethodAccessorImpl.invoke(NativeMethodAccessorImpl.java:77)
at java.base/jdk.internal.reflect.DelegatingMethodAccessorImpl.invoke(DelegatingMethodAccessorImpl.java:43)
at java.base/java.lang.reflect.Method.invoke(Method.java:568)
at org.testng.internal.MethodInvocationHelper.invokeMethod(MethodInvocationHelper.java:132)
at org.testng.internal.TestInvoker.invokeMethod(TestInvoker.java:599)
at org.testng.internal.TestInvoker.invokeTestMethod(TestInvoker.java:174)
at org.testng.internal.MethodRunner.runInSequence(MethodRunner.java:46)
at org.testng.internal.TestInvoker$MethodInvocationAgent.invoke(TestInvoker.java:822)
at org.testng.internal.TestInvoker.invokeTestMethods(TestInvoker.java:147)
at org.testng.internal.TestMethodWorker.invokeTestMethods(TestMethodWorker.java:146)
at org.testng.internal.TestMethodWorker.run(TestMethodWorker.java:128)
at java.base/java.util.ArrayList.forEach(ArrayList.java:1511)
at org.testng.TestRunner.privateRun(TestRunner.java:764)
at org.testng.TestRunner.run(TestRunner.java:585)
at org.testng.SuiteRunner.runTest(SuiteRunner.java:384)
at org.testng.SuiteRunner.runSequentially(SuiteRunner.java:378)
at org.testng.SuiteRunner.privateRun(SuiteRunner.java:337)
at org.testng.SuiteRunner.run(SuiteRunner.java:286)
at org.testng.SuiteRunnerWorker.runSuite(SuiteRunnerWorker.java:53)
at org.testng.SuiteRunnerWorker.run(SuiteRunnerWorker.java:96)
at org.testng.TestNG.runSuitesSequentially(TestNG.java:1218)
at org.testng.TestNG.runSuitesLocally(TestNG.java:1140)
at org.testng.TestNG.runSuites(TestNG.java:1069)
at org.testng.TestNG.run(TestNG.java:1037)
at org.apache.maven.surefire.testng.TestNGExecutor.run(TestNGExecutor.java:135)
at org.apache.maven.surefire.testng.TestNGDirectoryTestSuite.executeMulti(TestNGDirectoryTestSuite.java:193)
at org.apache.maven.surefire.testng.TestNGDirectoryTestSuite.execute(TestNGDirectoryTestSuite.java:94)
at org.apache.maven.surefire.testng.TestNGProvider.invoke(TestNGProvider.java:146)
at org.apache.maven.surefire.booter.ForkedBooter.invokeProviderInSameClassLoader(ForkedBooter.java:384)
at org.apache.maven.surefire.booter.ForkedBooter.runSuitesInProcess(ForkedBooter.java:345)
at org.apache.maven.surefire.booter.ForkedBooter.execute(ForkedBooter.java:126)
at org.apache.maven.surefire.booter.ForkedBooter.main(ForkedBooter.java:418)
]]>
            </full-stacktrace>
          </exception> <!-- java.lang.Error -->
          <reporter-output>
          </reporter-output>
        </test-method> <!-- validateUserIsAbleToNavigateToForgottenPasswordPage -->
        <test-method is-config="true" signature="quitBrowser()[pri:0, instance:com.naveenAutomationPageTest.LoginPageTest@2c78324b]" started-at="2023-11-19T13:58:28 EST" name="quitBrowser" finished-at="2023-11-19T13:58:28 EST" duration-ms="192" status="PASS">
          <reporter-output>
          </reporter-output>
        </test-method> <!-- quitBrowser -->
        <test-method is-config="true" signature="tearDown()[pri:0, instance:com.naveenAutomationPageTest.LoginPageTest@2c78324b]" started-at="2023-11-19T13:58:28 EST" name="tearDown" finished-at="2023-11-19T13:58:28 EST" duration-ms="2" status="PASS">
          <reporter-output>
          </reporter-output>
        </test-method> <!-- tearDown -->
      </class> <!-- com.naveenAutomationPageTest.LoginPageTest -->
      <class name="com.naveenAutomationPageTest.WishListPageTest">
        <test-method is-config="true" signature="loggerSetup()[pri:0, instance:com.naveenAutomationPageTest.WishListPageTest@238d68ff]" started-at="2023-11-19T14:00:17 EST" name="loggerSetup" finished-at="2023-11-19T14:00:17 EST" duration-ms="6" status="PASS">
          <reporter-output>
          </reporter-output>
        </test-method> <!-- loggerSetup -->
        <test-method is-config="true" signature="launchBrowser()[pri:0, instance:com.naveenAutomationPageTest.WishListPageTest@238d68ff]" started-at="2023-11-19T14:00:17 EST" name="launchBrowser" finished-at="2023-11-19T14:00:21 EST" duration-ms="4769" status="PASS">
          <reporter-output>
          </reporter-output>
        </test-method> <!-- launchBrowser -->
        <test-method signature="validateUserIsInWishListPage()[pri:0, instance:com.naveenAutomationPageTest.WishListPageTest@238d68ff]" started-at="2023-11-19T14:00:21 EST" name="validateUserIsInWishListPage" finished-at="2023-11-19T14:00:23 EST" duration-ms="2015" status="PASS">
          <reporter-output>
          </reporter-output>
        </test-method> <!-- validateUserIsInWishListPage -->
        <test-method is-config="true" signature="tearDown()[pri:0, instance:com.naveenAutomationPageTest.WishListPageTest@238d68ff]" started-at="2023-11-19T14:00:23 EST" name="tearDown" finished-at="2023-11-19T14:00:24 EST" duration-ms="258" status="PASS">
          <reporter-output>
          </reporter-output>
        </test-method> <!-- tearDown -->
      </class> <!-- com.naveenAutomationPageTest.WishListPageTest -->
      <class name="com.naveenAutomationPageTest.LogoutPageTest">
        <test-method is-config="true" signature="loggerSetup()[pri:0, instance:com.naveenAutomationPageTest.LogoutPageTest@79defdc]" started-at="2023-11-19T13:58:28 EST" name="loggerSetup" finished-at="2023-11-19T13:58:28 EST" duration-ms="2" status="PASS">
          <reporter-output>
          </reporter-output>
        </test-method> <!-- loggerSetup -->
        <test-method is-config="true" signature="launchBrowser()[pri:0, instance:com.naveenAutomationPageTest.LogoutPageTest@79defdc]" started-at="2023-11-19T13:58:28 EST" name="launchBrowser" finished-at="2023-11-19T13:58:32 EST" duration-ms="3826" status="PASS">
          <reporter-output>
          </reporter-output>
        </test-method> <!-- launchBrowser -->
        <test-method signature="validateUserCanLogoutsafely()[pri:0, instance:com.naveenAutomationPageTest.LogoutPageTest@79defdc]" started-at="2023-11-19T13:58:32 EST" name="validateUserCanLogoutsafely" finished-at="2023-11-19T13:58:36 EST" duration-ms="4193" status="PASS">
          <reporter-output>
          </reporter-output>
        </test-method> <!-- validateUserCanLogoutsafely -->
        <test-method is-config="true" signature="tearDown()[pri:0, instance:com.naveenAutomationPageTest.LogoutPageTest@79defdc]" started-at="2023-11-19T13:58:36 EST" name="tearDown" finished-at="2023-11-19T13:58:37 EST" duration-ms="279" status="PASS">
          <reporter-output>
          </reporter-output>
        </test-method> <!-- tearDown -->
      </class> <!-- com.naveenAutomationPageTest.LogoutPageTest -->
      <class name="com.naveenAutomationPageTest.AddressBookEntriesPageTest">
        <test-method is-config="true" signature="loggerSetup()[pri:0, instance:com.naveenAutomationPageTest.AddressBookEntriesPageTest@16612a51]" started-at="2023-11-19T13:57:32 EST" name="loggerSetup" finished-at="2023-11-19T13:57:32 EST" duration-ms="9" status="PASS">
          <reporter-output>
          </reporter-output>
        </test-method> <!-- loggerSetup -->
        <test-method is-config="true" signature="launchBrowser()[pri:0, instance:com.naveenAutomationPageTest.AddressBookEntriesPageTest@16612a51]" started-at="2023-11-19T13:57:32 EST" name="launchBrowser" finished-at="2023-11-19T13:57:37 EST" duration-ms="4883" status="PASS">
          <reporter-output>
          </reporter-output>
        </test-method> <!-- launchBrowser -->
        <test-method signature="validateUserCanDeleteAddress()[pri:0, instance:com.naveenAutomationPageTest.AddressBookEntriesPageTest@16612a51]" started-at="2023-11-19T13:57:37 EST" name="validateUserCanDeleteAddress" finished-at="2023-11-19T13:57:52 EST" duration-ms="15597" status="FAIL">
          <exception class="org.openqa.selenium.TimeoutException">
            <message>
              <![CDATA[Expected condition failed: waiting for visibility of element located by By.xpath: //div[text()=' Warning: You can not delete your default address!'] (tried for 10 second(s) with 500 milliseconds interval)]]>
            </message>
            <full-stacktrace>
              <![CDATA[org.openqa.selenium.TimeoutException: Expected condition failed: waiting for visibility of element located by By.xpath: //div[text()=' Warning: You can not delete your default address!'] (tried for 10 second(s) with 500 milliseconds interval)
at org.openqa.selenium.support.ui.WebDriverWait.timeoutException(WebDriverWait.java:95)
at org.openqa.selenium.support.ui.FluentWait.until(FluentWait.java:272)
at com.naveenautomation.proxydriver.ProxyDriver.waitForElementToBeVisible(ProxyDriver.java:169)
at com.naveenautomation.proxydriver.ProxyDriver.getText(ProxyDriver.java:210)
at com.naveenautomation.pages.AddressBookPage.getDeleteDefaultAddressUnsuccessfullMessage(AddressBookPage.java:95)
at com.naveenAutomationPageTest.AddressBookEntriesPageTest.validateUserCanDeleteAddress(AddressBookEntriesPageTest.java:52)
at java.base/jdk.internal.reflect.NativeMethodAccessorImpl.invoke0(Native Method)
at java.base/jdk.internal.reflect.NativeMethodAccessorImpl.invoke(NativeMethodAccessorImpl.java:77)
at java.base/jdk.internal.reflect.DelegatingMethodAccessorImpl.invoke(DelegatingMethodAccessorImpl.java:43)
at java.base/java.lang.reflect.Method.invoke(Method.java:568)
at org.testng.internal.MethodInvocationHelper.invokeMethod(MethodInvocationHelper.java:132)
at org.testng.internal.TestInvoker.invokeMethod(TestInvoker.java:599)
at org.testng.internal.TestInvoker.invokeTestMethod(TestInvoker.java:174)
at org.testng.internal.MethodRunner.runInSequence(MethodRunner.java:46)
at org.testng.internal.TestInvoker$MethodInvocationAgent.invoke(TestInvoker.java:822)
at org.testng.internal.TestInvoker.invokeTestMethods(TestInvoker.java:147)
at org.testng.internal.TestMethodWorker.invokeTestMethods(TestMethodWorker.java:146)
at org.testng.internal.TestMethodWorker.run(TestMethodWorker.java:128)
at java.base/java.util.ArrayList.forEach(ArrayList.java:1511)
at org.testng.TestRunner.privateRun(TestRunner.java:764)
at org.testng.TestRunner.run(TestRunner.java:585)
at org.testng.SuiteRunner.runTest(SuiteRunner.java:384)
at org.testng.SuiteRunner.runSequentially(SuiteRunner.java:378)
at org.testng.SuiteRunner.privateRun(SuiteRunner.java:337)
at org.testng.SuiteRunner.run(SuiteRunner.java:286)
at org.testng.SuiteRunnerWorker.runSuite(SuiteRunnerWorker.java:53)
at org.testng.SuiteRunnerWorker.run(SuiteRunnerWorker.java:96)
at org.testng.TestNG.runSuitesSequentially(TestNG.java:1218)
at org.testng.TestNG.runSuitesLocally(TestNG.java:1140)
at org.testng.TestNG.runSuites(TestNG.java:1069)
at org.testng.TestNG.run(TestNG.java:1037)
at org.apache.maven.surefire.testng.TestNGExecutor.run(TestNGExecutor.java:135)
at org.apache.maven.surefire.testng.TestNGDirectoryTestSuite.executeMulti(TestNGDirectoryTestSuite.java:193)
at org.apache.maven.surefire.testng.TestNGDirectoryTestSuite.execute(TestNGDirectoryTestSuite.java:94)
at org.apache.maven.surefire.testng.TestNGProvider.invoke(TestNGProvider.java:146)
at org.apache.maven.surefire.booter.ForkedBooter.invokeProviderInSameClassLoader(ForkedBooter.java:384)
at org.apache.maven.surefire.booter.ForkedBooter.runSuitesInProcess(ForkedBooter.java:345)
at org.apache.maven.surefire.booter.ForkedBooter.execute(ForkedBooter.java:126)
at org.apache.maven.surefire.booter.ForkedBooter.main(ForkedBooter.java:418)
Caused by: org.openqa.selenium.NoSuchElementException: no such element: Unable to locate element: {"method":"xpath","selector":"//div[text()=' Warning: You can not delete your default address!']"}
  (Session info: chrome=119.0.6045.160)
For documentation on this error, please visit: https://www.seleniumhq.org/exceptions/no_such_element.html
Build info: version: '3.141.59', revision: 'e82be7d358', time: '2018-11-14T08:17:03'
System info: host: 'VAISH', ip: '192.168.137.1', os.name: 'Windows 11', os.arch: 'amd64', os.version: '10.0', java.version: '17.0.7'
Driver info: org.openqa.selenium.chrome.ChromeDriver
Capabilities {acceptInsecureCerts: false, browserName: chrome, browserVersion: 119.0.6045.160, chrome: {chromedriverVersion: 119.0.6045.105 (38c72552c5e..., userDataDir: C:\Users\Vishnu\AppData\Loc...}, fedcm:accounts: true, goog:chromeOptions: {debuggerAddress: localhost:49908}, javascriptEnabled: true, networkConnectionEnabled: false, pageLoadStrategy: normal, platform: WINDOWS, platformName: WINDOWS, proxy: Proxy(), setWindowRect: true, strictFileInteractability: false, timeouts: {implicit: 0, pageLoad: 300000, script: 30000}, unhandledPromptBehavior: dismiss and notify, webauthn:extension:credBlob: true, webauthn:extension:largeBlob: true, webauthn:extension:minPinLength: true, webauthn:extension:prf: true, webauthn:virtualAuthenticators: true}
Session ID: 007f43ec1bb11879b9ddaf3458826964
*** Element info: {Using=xpath, value=//div[text()=' Warning: You can not delete your default address!']}
at java.base/jdk.internal.reflect.NativeConstructorAccessorImpl.newInstance0(Native Method)
at java.base/jdk.internal.reflect.NativeConstructorAccessorImpl.newInstance(NativeConstructorAccessorImpl.java:77)
at java.base/jdk.internal.reflect.DelegatingConstructorAccessorImpl.newInstance(DelegatingConstructorAccessorImpl.java:45)
at java.base/java.lang.reflect.Constructor.newInstanceWithCaller(Constructor.java:499)
at java.base/java.lang.reflect.Constructor.newInstance(Constructor.java:480)
at org.openqa.selenium.remote.http.W3CHttpResponseCodec.createException(W3CHttpResponseCodec.java:187)
at org.openqa.selenium.remote.http.W3CHttpResponseCodec.decode(W3CHttpResponseCodec.java:122)
at org.openqa.selenium.remote.http.W3CHttpResponseCodec.decode(W3CHttpResponseCodec.java:49)
at org.openqa.selenium.remote.HttpCommandExecutor.execute(HttpCommandExecutor.java:158)
at org.openqa.selenium.remote.service.DriverCommandExecutor.execute(DriverCommandExecutor.java:83)
at org.openqa.selenium.remote.RemoteWebDriver.execute(RemoteWebDriver.java:552)
at org.openqa.selenium.remote.RemoteWebDriver.findElement(RemoteWebDriver.java:323)
at org.openqa.selenium.remote.RemoteWebDriver.findElementByXPath(RemoteWebDriver.java:428)
at org.openqa.selenium.By$ByXPath.findElement(By.java:353)
at org.openqa.selenium.remote.RemoteWebDriver.findElement(RemoteWebDriver.java:315)
at com.naveenautomation.proxydriver.ProxyDriver.findElement(ProxyDriver.java:60)
at org.openqa.selenium.support.ui.ExpectedConditions$7.apply(ExpectedConditions.java:205)
at org.openqa.selenium.support.ui.ExpectedConditions$7.apply(ExpectedConditions.java:201)
at org.openqa.selenium.support.ui.FluentWait.until(FluentWait.java:249)
... 37 more
]]>
            </full-stacktrace>
          </exception> <!-- org.openqa.selenium.TimeoutException -->
          <reporter-output>
          </reporter-output>
        </test-method> <!-- validateUserCanDeleteAddress -->
        <test-method is-config="true" signature="tearDown()[pri:0, instance:com.naveenAutomationPageTest.AddressBookEntriesPageTest@16612a51]" started-at="2023-11-19T13:57:52 EST" name="tearDown" finished-at="2023-11-19T13:57:52 EST" duration-ms="226" status="PASS">
          <reporter-output>
          </reporter-output>
        </test-method> <!-- tearDown -->
        <test-method is-config="true" signature="launchBrowser()[pri:0, instance:com.naveenAutomationPageTest.AddressBookEntriesPageTest@16612a51]" started-at="2023-11-19T13:57:52 EST" name="launchBrowser" finished-at="2023-11-19T13:57:57 EST" duration-ms="4314" status="PASS">
          <reporter-output>
          </reporter-output>
        </test-method> <!-- launchBrowser -->
        <test-method signature="validateUserCanNavigateToAddressBook()[pri:0, instance:com.naveenAutomationPageTest.AddressBookEntriesPageTest@16612a51]" started-at="2023-11-19T13:57:57 EST" name="validateUserCanNavigateToAddressBook" finished-at="2023-11-19T13:57:59 EST" duration-ms="2086" status="PASS">
          <reporter-output>
          </reporter-output>
        </test-method> <!-- validateUserCanNavigateToAddressBook -->
        <test-method is-config="true" signature="tearDown()[pri:0, instance:com.naveenAutomationPageTest.AddressBookEntriesPageTest@16612a51]" started-at="2023-11-19T13:57:59 EST" name="tearDown" finished-at="2023-11-19T13:57:59 EST" duration-ms="243" status="PASS">
          <reporter-output>
          </reporter-output>
        </test-method> <!-- tearDown -->
      </class> <!-- com.naveenAutomationPageTest.AddressBookEntriesPageTest -->
      <class name="com.naveenAutomationPageTest.ViewProductReturnsPageTest">
        <test-method is-config="true" signature="loggerSetup()[pri:0, instance:com.naveenAutomationPageTest.ViewProductReturnsPageTest@4e0ae11f]" started-at="2023-11-19T14:00:09 EST" name="loggerSetup" finished-at="2023-11-19T14:00:09 EST" duration-ms="6" status="PASS">
          <reporter-output>
          </reporter-output>
        </test-method> <!-- loggerSetup -->
        <test-method is-config="true" signature="launchBrowser()[pri:0, instance:com.naveenAutomationPageTest.ViewProductReturnsPageTest@4e0ae11f]" started-at="2023-11-19T14:00:09 EST" name="launchBrowser" finished-at="2023-11-19T14:00:13 EST" duration-ms="4075" status="PASS">
          <reporter-output>
          </reporter-output>
        </test-method> <!-- launchBrowser -->
        <test-method signature="validateUserIsInViewProductReturnsPage()[pri:0, instance:com.naveenAutomationPageTest.ViewProductReturnsPageTest@4e0ae11f]" started-at="2023-11-19T14:00:13 EST" name="validateUserIsInViewProductReturnsPage" finished-at="2023-11-19T14:00:16 EST" duration-ms="2887" status="PASS">
          <reporter-output>
          </reporter-output>
        </test-method> <!-- validateUserIsInViewProductReturnsPage -->
        <test-method is-config="true" signature="tearDown()[pri:0, instance:com.naveenAutomationPageTest.ViewProductReturnsPageTest@4e0ae11f]" started-at="2023-11-19T14:00:16 EST" name="tearDown" finished-at="2023-11-19T14:00:17 EST" duration-ms="315" status="PASS">
          <reporter-output>
          </reporter-output>
        </test-method> <!-- tearDown -->
      </class> <!-- com.naveenAutomationPageTest.ViewProductReturnsPageTest -->
      <class name="com.naveenAutomationPageTest.AccountPageTest">
        <test-method is-config="true" signature="loggerSetup()[pri:0, instance:com.naveenAutomationPageTest.AccountPageTest@78fa769e]" started-at="2023-11-19T13:57:03 EST" name="loggerSetup" finished-at="2023-11-19T13:57:03 EST" duration-ms="103" status="PASS">
          <reporter-output>
          </reporter-output>
        </test-method> <!-- loggerSetup -->
        <test-method is-config="true" signature="launchBrowser()[pri:0, instance:com.naveenAutomationPageTest.AccountPageTest@78fa769e]" started-at="2023-11-19T13:57:03 EST" name="launchBrowser" finished-at="2023-11-19T13:57:10 EST" duration-ms="7062" status="PASS">
          <reporter-output>
          </reporter-output>
        </test-method> <!-- launchBrowser -->
        <test-method signature="validateUserCanChangePassword()[pri:0, instance:com.naveenAutomationPageTest.AccountPageTest@78fa769e]" started-at="2023-11-19T13:57:10 EST" name="validateUserCanChangePassword" finished-at="2023-11-19T13:57:14 EST" duration-ms="3448" status="PASS">
          <reporter-output>
          </reporter-output>
        </test-method> <!-- validateUserCanChangePassword -->
        <test-method is-config="true" signature="quitBrowser()[pri:0, instance:com.naveenAutomationPageTest.AccountPageTest@78fa769e]" started-at="2023-11-19T13:57:14 EST" name="quitBrowser" finished-at="2023-11-19T13:57:14 EST" duration-ms="340" status="PASS">
          <reporter-output>
          </reporter-output>
        </test-method> <!-- quitBrowser -->
        <test-method is-config="true" signature="tearDown()[pri:0, instance:com.naveenAutomationPageTest.AccountPageTest@78fa769e]" started-at="2023-11-19T13:57:14 EST" name="tearDown" finished-at="2023-11-19T13:57:14 EST" duration-ms="2" status="PASS">
          <reporter-output>
          </reporter-output>
        </test-method> <!-- tearDown -->
        <test-method is-config="true" signature="launchBrowser()[pri:0, instance:com.naveenAutomationPageTest.AccountPageTest@78fa769e]" started-at="2023-11-19T13:57:14 EST" name="launchBrowser" finished-at="2023-11-19T13:57:20 EST" duration-ms="5524" status="PASS">
          <reporter-output>
          </reporter-output>
        </test-method> <!-- launchBrowser -->
        <test-method signature="validateUserCanEditPersonalInfo()[pri:0, instance:com.naveenAutomationPageTest.AccountPageTest@78fa769e]" started-at="2023-11-19T13:57:20 EST" name="validateUserCanEditPersonalInfo" finished-at="2023-11-19T13:57:23 EST" duration-ms="3608" status="PASS">
          <reporter-output>
          </reporter-output>
        </test-method> <!-- validateUserCanEditPersonalInfo -->
        <test-method is-config="true" signature="quitBrowser()[pri:0, instance:com.naveenAutomationPageTest.AccountPageTest@78fa769e]" started-at="2023-11-19T13:57:23 EST" name="quitBrowser" finished-at="2023-11-19T13:57:24 EST" duration-ms="308" status="PASS">
          <reporter-output>
          </reporter-output>
        </test-method> <!-- quitBrowser -->
        <test-method is-config="true" signature="tearDown()[pri:0, instance:com.naveenAutomationPageTest.AccountPageTest@78fa769e]" started-at="2023-11-19T13:57:24 EST" name="tearDown" finished-at="2023-11-19T13:57:24 EST" duration-ms="0" status="PASS">
          <reporter-output>
          </reporter-output>
        </test-method> <!-- tearDown -->
        <test-method is-config="true" signature="launchBrowser()[pri:0, instance:com.naveenAutomationPageTest.AccountPageTest@78fa769e]" started-at="2023-11-19T13:57:24 EST" name="launchBrowser" finished-at="2023-11-19T13:57:28 EST" duration-ms="4113" status="PASS">
          <reporter-output>
          </reporter-output>
        </test-method> <!-- launchBrowser -->
        <test-method signature="validateUserCanUpdateNewsLetterSubscription()[pri:0, instance:com.naveenAutomationPageTest.AccountPageTest@78fa769e]" started-at="2023-11-19T13:57:28 EST" name="validateUserCanUpdateNewsLetterSubscription" finished-at="2023-11-19T13:57:31 EST" duration-ms="3649" status="PASS">
          <reporter-output>
          </reporter-output>
        </test-method> <!-- validateUserCanUpdateNewsLetterSubscription -->
        <test-method is-config="true" signature="quitBrowser()[pri:0, instance:com.naveenAutomationPageTest.AccountPageTest@78fa769e]" started-at="2023-11-19T13:57:31 EST" name="quitBrowser" finished-at="2023-11-19T13:57:32 EST" duration-ms="327" status="PASS">
          <reporter-output>
          </reporter-output>
        </test-method> <!-- quitBrowser -->
        <test-method is-config="true" signature="tearDown()[pri:0, instance:com.naveenAutomationPageTest.AccountPageTest@78fa769e]" started-at="2023-11-19T13:57:32 EST" name="tearDown" finished-at="2023-11-19T13:57:32 EST" duration-ms="2" status="PASS">
          <reporter-output>
          </reporter-output>
        </test-method> <!-- tearDown -->
      </class> <!-- com.naveenAutomationPageTest.AccountPageTest -->
      <class name="com.naveenAutomationPageTest.RegisterAccountPageTest">
        <test-method is-config="true" signature="loggerSetup()[pri:0, instance:com.naveenAutomationPageTest.RegisterAccountPageTest@18317edc]" started-at="2023-11-19T13:58:37 EST" name="loggerSetup" finished-at="2023-11-19T13:58:37 EST" duration-ms="7" status="PASS">
          <reporter-output>
          </reporter-output>
        </test-method> <!-- loggerSetup -->
        <test-method is-config="true" signature="launch()[pri:0, instance:com.naveenAutomationPageTest.RegisterAccountPageTest@18317edc]" started-at="2023-11-19T13:58:37 EST" name="launch" finished-at="2023-11-19T13:58:41 EST" duration-ms="4297" status="PASS">
          <reporter-output>
          </reporter-output>
        </test-method> <!-- launch -->
        <test-method signature="validateUserCanNotEnterInvalidFirstName()[pri:0, instance:com.naveenAutomationPageTest.RegisterAccountPageTest@18317edc]" started-at="2023-11-19T13:58:41 EST" name="validateUserCanNotEnterInvalidFirstName" finished-at="2023-11-19T13:58:44 EST" duration-ms="2960" status="PASS">
          <reporter-output>
          </reporter-output>
        </test-method> <!-- validateUserCanNotEnterInvalidFirstName -->
        <test-method is-config="true" signature="tearDown()[pri:0, instance:com.naveenAutomationPageTest.RegisterAccountPageTest@18317edc]" started-at="2023-11-19T13:58:44 EST" name="tearDown" finished-at="2023-11-19T13:58:44 EST" duration-ms="232" status="PASS">
          <reporter-output>
          </reporter-output>
        </test-method> <!-- tearDown -->
        <test-method is-config="true" signature="launch()[pri:0, instance:com.naveenAutomationPageTest.RegisterAccountPageTest@18317edc]" started-at="2023-11-19T13:58:44 EST" name="launch" finished-at="2023-11-19T13:58:48 EST" duration-ms="3878" status="PASS">
          <reporter-output>
          </reporter-output>
        </test-method> <!-- launch -->
        <test-method signature="validateUserCanNotEnterInvalidLastName()[pri:0, instance:com.naveenAutomationPageTest.RegisterAccountPageTest@18317edc]" started-at="2023-11-19T13:58:48 EST" name="validateUserCanNotEnterInvalidLastName" finished-at="2023-11-19T13:58:53 EST" duration-ms="5029" status="PASS">
          <reporter-output>
          </reporter-output>
        </test-method> <!-- validateUserCanNotEnterInvalidLastName -->
        <test-method is-config="true" signature="tearDown()[pri:0, instance:com.naveenAutomationPageTest.RegisterAccountPageTest@18317edc]" started-at="2023-11-19T13:58:53 EST" name="tearDown" finished-at="2023-11-19T13:58:53 EST" duration-ms="212" status="PASS">
          <reporter-output>
          </reporter-output>
        </test-method> <!-- tearDown -->
        <test-method is-config="true" signature="launch()[pri:0, instance:com.naveenAutomationPageTest.RegisterAccountPageTest@18317edc]" started-at="2023-11-19T13:58:53 EST" name="launch" finished-at="2023-11-19T13:58:58 EST" duration-ms="4444" status="PASS">
          <reporter-output>
          </reporter-output>
        </test-method> <!-- launch -->
        <test-method signature="validateUserCanNotEnterInvalidTelephone()[pri:0, instance:com.naveenAutomationPageTest.RegisterAccountPageTest@18317edc]" started-at="2023-11-19T13:58:58 EST" name="validateUserCanNotEnterInvalidTelephone" finished-at="2023-11-19T13:59:01 EST" duration-ms="2847" status="PASS">
          <reporter-output>
          </reporter-output>
        </test-method> <!-- validateUserCanNotEnterInvalidTelephone -->
        <test-method is-config="true" signature="tearDown()[pri:0, instance:com.naveenAutomationPageTest.RegisterAccountPageTest@18317edc]" started-at="2023-11-19T13:59:01 EST" name="tearDown" finished-at="2023-11-19T13:59:01 EST" duration-ms="184" status="PASS">
          <reporter-output>
          </reporter-output>
        </test-method> <!-- tearDown -->
        <test-method is-config="true" signature="launch()[pri:0, instance:com.naveenAutomationPageTest.RegisterAccountPageTest@18317edc]" started-at="2023-11-19T13:59:01 EST" name="launch" finished-at="2023-11-19T13:59:06 EST" duration-ms="4762" status="PASS">
          <reporter-output>
          </reporter-output>
        </test-method> <!-- launch -->
        <test-method signature="validateUserCanNotSkipConfirmPassword()[pri:0, instance:com.naveenAutomationPageTest.RegisterAccountPageTest@18317edc]" started-at="2023-11-19T13:59:06 EST" name="validateUserCanNotSkipConfirmPassword" finished-at="2023-11-19T13:59:08 EST" duration-ms="2796" status="PASS">
          <reporter-output>
          </reporter-output>
        </test-method> <!-- validateUserCanNotSkipConfirmPassword -->
        <test-method is-config="true" signature="tearDown()[pri:0, instance:com.naveenAutomationPageTest.RegisterAccountPageTest@18317edc]" started-at="2023-11-19T13:59:08 EST" name="tearDown" finished-at="2023-11-19T13:59:09 EST" duration-ms="180" status="PASS">
          <reporter-output>
          </reporter-output>
        </test-method> <!-- tearDown -->
        <test-method is-config="true" signature="launch()[pri:0, instance:com.naveenAutomationPageTest.RegisterAccountPageTest@18317edc]" started-at="2023-11-19T13:59:09 EST" name="launch" finished-at="2023-11-19T13:59:14 EST" duration-ms="5215" status="PASS">
          <reporter-output>
          </reporter-output>
        </test-method> <!-- launch -->
        <test-method signature="validateUserCanNotSkipEmail()[pri:0, instance:com.naveenAutomationPageTest.RegisterAccountPageTest@18317edc]" started-at="2023-11-19T13:59:14 EST" name="validateUserCanNotSkipEmail" finished-at="2023-11-19T13:59:17 EST" duration-ms="2995" status="PASS">
          <reporter-output>
          </reporter-output>
        </test-method> <!-- validateUserCanNotSkipEmail -->
        <test-method is-config="true" signature="tearDown()[pri:0, instance:com.naveenAutomationPageTest.RegisterAccountPageTest@18317edc]" started-at="2023-11-19T13:59:17 EST" name="tearDown" finished-at="2023-11-19T13:59:17 EST" duration-ms="273" status="PASS">
          <reporter-output>
          </reporter-output>
        </test-method> <!-- tearDown -->
        <test-method is-config="true" signature="launch()[pri:0, instance:com.naveenAutomationPageTest.RegisterAccountPageTest@18317edc]" started-at="2023-11-19T13:59:17 EST" name="launch" finished-at="2023-11-19T13:59:25 EST" duration-ms="7688" status="PASS">
          <reporter-output>
          </reporter-output>
        </test-method> <!-- launch -->
        <test-method signature="validateUserCanNotSkipFirstName()[pri:0, instance:com.naveenAutomationPageTest.RegisterAccountPageTest@18317edc]" started-at="2023-11-19T13:59:25 EST" name="validateUserCanNotSkipFirstName" finished-at="2023-11-19T13:59:28 EST" duration-ms="2725" status="PASS">
          <reporter-output>
          </reporter-output>
        </test-method> <!-- validateUserCanNotSkipFirstName -->
        <test-method is-config="true" signature="tearDown()[pri:0, instance:com.naveenAutomationPageTest.RegisterAccountPageTest@18317edc]" started-at="2023-11-19T13:59:28 EST" name="tearDown" finished-at="2023-11-19T13:59:28 EST" duration-ms="232" status="PASS">
          <reporter-output>
          </reporter-output>
        </test-method> <!-- tearDown -->
        <test-method is-config="true" signature="launch()[pri:0, instance:com.naveenAutomationPageTest.RegisterAccountPageTest@18317edc]" started-at="2023-11-19T13:59:28 EST" name="launch" finished-at="2023-11-19T13:59:33 EST" duration-ms="4881" status="PASS">
          <reporter-output>
          </reporter-output>
        </test-method> <!-- launch -->
        <test-method signature="validateUserCanNotSkipLastName()[pri:0, instance:com.naveenAutomationPageTest.RegisterAccountPageTest@18317edc]" started-at="2023-11-19T13:59:33 EST" name="validateUserCanNotSkipLastName" finished-at="2023-11-19T13:59:36 EST" duration-ms="2873" status="PASS">
          <reporter-output>
          </reporter-output>
        </test-method> <!-- validateUserCanNotSkipLastName -->
        <test-method is-config="true" signature="tearDown()[pri:0, instance:com.naveenAutomationPageTest.RegisterAccountPageTest@18317edc]" started-at="2023-11-19T13:59:36 EST" name="tearDown" finished-at="2023-11-19T13:59:36 EST" duration-ms="237" status="PASS">
          <reporter-output>
          </reporter-output>
        </test-method> <!-- tearDown -->
        <test-method is-config="true" signature="launch()[pri:0, instance:com.naveenAutomationPageTest.RegisterAccountPageTest@18317edc]" started-at="2023-11-19T13:59:36 EST" name="launch" finished-at="2023-11-19T13:59:44 EST" duration-ms="8430" status="PASS">
          <reporter-output>
          </reporter-output>
        </test-method> <!-- launch -->
        <test-method signature="validateUserCanNotSkipPassword()[pri:0, instance:com.naveenAutomationPageTest.RegisterAccountPageTest@18317edc]" started-at="2023-11-19T13:59:44 EST" name="validateUserCanNotSkipPassword" finished-at="2023-11-19T13:59:47 EST" duration-ms="2610" status="PASS">
          <reporter-output>
          </reporter-output>
        </test-method> <!-- validateUserCanNotSkipPassword -->
        <test-method is-config="true" signature="tearDown()[pri:0, instance:com.naveenAutomationPageTest.RegisterAccountPageTest@18317edc]" started-at="2023-11-19T13:59:47 EST" name="tearDown" finished-at="2023-11-19T13:59:47 EST" duration-ms="268" status="PASS">
          <reporter-output>
          </reporter-output>
        </test-method> <!-- tearDown -->
        <test-method is-config="true" signature="launch()[pri:0, instance:com.naveenAutomationPageTest.RegisterAccountPageTest@18317edc]" started-at="2023-11-19T13:59:47 EST" name="launch" finished-at="2023-11-19T13:59:53 EST" duration-ms="5551" status="PASS">
          <reporter-output>
          </reporter-output>
        </test-method> <!-- launch -->
        <test-method signature="validateUserCheckEDPrivacyPolicyCheckBox()[pri:0, instance:com.naveenAutomationPageTest.RegisterAccountPageTest@18317edc]" started-at="2023-11-19T13:59:53 EST" name="validateUserCheckEDPrivacyPolicyCheckBox" finished-at="2023-11-19T13:59:55 EST" duration-ms="2642" status="PASS">
          <reporter-output>
          </reporter-output>
        </test-method> <!-- validateUserCheckEDPrivacyPolicyCheckBox -->
        <test-method is-config="true" signature="tearDown()[pri:0, instance:com.naveenAutomationPageTest.RegisterAccountPageTest@18317edc]" started-at="2023-11-19T13:59:55 EST" name="tearDown" finished-at="2023-11-19T13:59:55 EST" duration-ms="210" status="PASS">
          <reporter-output>
          </reporter-output>
        </test-method> <!-- tearDown -->
        <test-method is-config="true" signature="launch()[pri:0, instance:com.naveenAutomationPageTest.RegisterAccountPageTest@18317edc]" started-at="2023-11-19T13:59:55 EST" name="launch" finished-at="2023-11-19T14:00:00 EST" duration-ms="4362" status="PASS">
          <reporter-output>
          </reporter-output>
        </test-method> <!-- launch -->
        <test-method signature="validateUserIsAbleToRegisterWithValidInfo()[pri:0, instance:com.naveenAutomationPageTest.RegisterAccountPageTest@18317edc]" started-at="2023-11-19T14:00:00 EST" name="validateUserIsAbleToRegisterWithValidInfo" finished-at="2023-11-19T14:00:03 EST" duration-ms="3048" status="FAIL">
          <exception class="java.lang.Error">
            <full-stacktrace>
              <![CDATA[java.lang.Error
at com.naveenautomation.pages.RegistrationSuccessPage.isLoaded(RegistrationSuccessPage.java:31)
at com.naveenautomation.pages.Page.waitForPageToLoad(Page.java:25)
at com.naveenautomation.pages.Page.<init>(Page.java:11)
at com.naveenautomation.pages.RegistrationSuccessPage.<init>(RegistrationSuccessPage.java:12)
at com.naveenautomation.pages.RegisterAccountPage.clickSubmitBtn(RegisterAccountPage.java:67)
at com.naveenAutomationPageTest.RegisterAccountPageTest.validateUserIsAbleToRegisterWithValidInfo(RegisterAccountPageTest.java:200)
at java.base/jdk.internal.reflect.NativeMethodAccessorImpl.invoke0(Native Method)
at java.base/jdk.internal.reflect.NativeMethodAccessorImpl.invoke(NativeMethodAccessorImpl.java:77)
at java.base/jdk.internal.reflect.DelegatingMethodAccessorImpl.invoke(DelegatingMethodAccessorImpl.java:43)
at java.base/java.lang.reflect.Method.invoke(Method.java:568)
at org.testng.internal.MethodInvocationHelper.invokeMethod(MethodInvocationHelper.java:132)
at org.testng.internal.TestInvoker.invokeMethod(TestInvoker.java:599)
at org.testng.internal.TestInvoker.invokeTestMethod(TestInvoker.java:174)
at org.testng.internal.MethodRunner.runInSequence(MethodRunner.java:46)
at org.testng.internal.TestInvoker$MethodInvocationAgent.invoke(TestInvoker.java:822)
at org.testng.internal.TestInvoker.invokeTestMethods(TestInvoker.java:147)
at org.testng.internal.TestMethodWorker.invokeTestMethods(TestMethodWorker.java:146)
at org.testng.internal.TestMethodWorker.run(TestMethodWorker.java:128)
at java.base/java.util.ArrayList.forEach(ArrayList.java:1511)
at org.testng.TestRunner.privateRun(TestRunner.java:764)
at org.testng.TestRunner.run(TestRunner.java:585)
at org.testng.SuiteRunner.runTest(SuiteRunner.java:384)
at org.testng.SuiteRunner.runSequentially(SuiteRunner.java:378)
at org.testng.SuiteRunner.privateRun(SuiteRunner.java:337)
at org.testng.SuiteRunner.run(SuiteRunner.java:286)
at org.testng.SuiteRunnerWorker.runSuite(SuiteRunnerWorker.java:53)
at org.testng.SuiteRunnerWorker.run(SuiteRunnerWorker.java:96)
at org.testng.TestNG.runSuitesSequentially(TestNG.java:1218)
at org.testng.TestNG.runSuitesLocally(TestNG.java:1140)
at org.testng.TestNG.runSuites(TestNG.java:1069)
at org.testng.TestNG.run(TestNG.java:1037)
at org.apache.maven.surefire.testng.TestNGExecutor.run(TestNGExecutor.java:135)
at org.apache.maven.surefire.testng.TestNGDirectoryTestSuite.executeMulti(TestNGDirectoryTestSuite.java:193)
at org.apache.maven.surefire.testng.TestNGDirectoryTestSuite.execute(TestNGDirectoryTestSuite.java:94)
at org.apache.maven.surefire.testng.TestNGProvider.invoke(TestNGProvider.java:146)
at org.apache.maven.surefire.booter.ForkedBooter.invokeProviderInSameClassLoader(ForkedBooter.java:384)
at org.apache.maven.surefire.booter.ForkedBooter.runSuitesInProcess(ForkedBooter.java:345)
at org.apache.maven.surefire.booter.ForkedBooter.execute(ForkedBooter.java:126)
at org.apache.maven.surefire.booter.ForkedBooter.main(ForkedBooter.java:418)
]]>
            </full-stacktrace>
          </exception> <!-- java.lang.Error -->
          <reporter-output>
          </reporter-output>
        </test-method> <!-- validateUserIsAbleToRegisterWithValidInfo -->
        <test-method is-config="true" signature="tearDown()[pri:0, instance:com.naveenAutomationPageTest.RegisterAccountPageTest@18317edc]" started-at="2023-11-19T14:00:03 EST" name="tearDown" finished-at="2023-11-19T14:00:03 EST" duration-ms="209" status="PASS">
          <reporter-output>
          </reporter-output>
        </test-method> <!-- tearDown -->
        <test-method is-config="true" signature="launch()[pri:0, instance:com.naveenAutomationPageTest.RegisterAccountPageTest@18317edc]" started-at="2023-11-19T14:00:03 EST" name="launch" finished-at="2023-11-19T14:00:08 EST" duration-ms="4490" status="PASS">
          <reporter-output>
          </reporter-output>
        </test-method> <!-- launch -->
        <test-method signature="validateUserNavigatedToRegisterAccount()[pri:0, instance:com.naveenAutomationPageTest.RegisterAccountPageTest@18317edc]" started-at="2023-11-19T14:00:08 EST" name="validateUserNavigatedToRegisterAccount" finished-at="2023-11-19T14:00:09 EST" duration-ms="1490" status="PASS">
          <reporter-output>
          </reporter-output>
        </test-method> <!-- validateUserNavigatedToRegisterAccount -->
        <test-method is-config="true" signature="tearDown()[pri:0, instance:com.naveenAutomationPageTest.RegisterAccountPageTest@18317edc]" started-at="2023-11-19T14:00:09 EST" name="tearDown" finished-at="2023-11-19T14:00:09 EST" duration-ms="234" status="PASS">
          <reporter-output>
          </reporter-output>
        </test-method> <!-- tearDown -->
      </class> <!-- com.naveenAutomationPageTest.RegisterAccountPageTest -->
      <class name="com.naveenAutomationPageTest.ForgottenPasswordPageTest">
        <test-method is-config="true" signature="loggerSetup()[pri:0, instance:com.naveenAutomationPageTest.ForgottenPasswordPageTest@54e041a4]" started-at="2023-11-19T13:57:59 EST" name="loggerSetup" finished-at="2023-11-19T13:57:59 EST" duration-ms="4" status="PASS">
          <reporter-output>
          </reporter-output>
        </test-method> <!-- loggerSetup -->
        <test-method is-config="true" signature="launchBrowser()[pri:0, instance:com.naveenAutomationPageTest.ForgottenPasswordPageTest@54e041a4]" started-at="2023-11-19T13:57:59 EST" name="launchBrowser" finished-at="2023-11-19T13:58:04 EST" duration-ms="4713" status="PASS">
          <reporter-output>
          </reporter-output>
        </test-method> <!-- launchBrowser -->
        <test-method signature="validateUserWillGetConfirmationLinkUsingValidEmail()[pri:0, instance:com.naveenAutomationPageTest.ForgottenPasswordPageTest@54e041a4]" started-at="2023-11-19T13:58:04 EST" name="validateUserWillGetConfirmationLinkUsingValidEmail" finished-at="2023-11-19T13:58:06 EST" duration-ms="2195" status="PASS">
          <reporter-output>
          </reporter-output>
        </test-method> <!-- validateUserWillGetConfirmationLinkUsingValidEmail -->
        <test-method is-config="true" signature="tearDown()[pri:0, instance:com.naveenAutomationPageTest.ForgottenPasswordPageTest@54e041a4]" started-at="2023-11-19T13:58:06 EST" name="tearDown" finished-at="2023-11-19T13:58:06 EST" duration-ms="236" status="PASS">
          <reporter-output>
          </reporter-output>
        </test-method> <!-- tearDown -->
        <test-method is-config="true" signature="launchBrowser()[pri:0, instance:com.naveenAutomationPageTest.ForgottenPasswordPageTest@54e041a4]" started-at="2023-11-19T13:58:06 EST" name="launchBrowser" finished-at="2023-11-19T13:58:10 EST" duration-ms="3960" status="PASS">
          <reporter-output>
          </reporter-output>
        </test-method> <!-- launchBrowser -->
        <test-method signature="validateUserWillNotGetConfirmationLinkUsingInvalidEmail()[pri:0, instance:com.naveenAutomationPageTest.ForgottenPasswordPageTest@54e041a4]" started-at="2023-11-19T13:58:10 EST" name="validateUserWillNotGetConfirmationLinkUsingInvalidEmail" finished-at="2023-11-19T13:58:12 EST" duration-ms="1622" status="PASS">
          <reporter-output>
          </reporter-output>
        </test-method> <!-- validateUserWillNotGetConfirmationLinkUsingInvalidEmail -->
        <test-method is-config="true" signature="tearDown()[pri:0, instance:com.naveenAutomationPageTest.ForgottenPasswordPageTest@54e041a4]" started-at="2023-11-19T13:58:12 EST" name="tearDown" finished-at="2023-11-19T13:58:12 EST" duration-ms="241" status="PASS">
          <reporter-output>
          </reporter-output>
        </test-method> <!-- tearDown -->
      </class> <!-- com.naveenAutomationPageTest.ForgottenPasswordPageTest -->
    </test> <!-- Surefire test -->
  </suite> <!-- Surefire suite -->
</testng-results>
