<!DOCTYPE html PUBLIC "-//W3C//DTD XHTML 1.1//EN" "https://www.w3.org/TR/xhtml11/DTD/xhtml11.dtd">
<html xmlns="https://www.w3.org/1999/xhtml">
<head>
<meta http-equiv="content-type" content="text/html; charset=UTF-8"/>
<title>TestNG Report</title>
<style type="text/css">table {margin-bottom:10px;border-collapse:collapse;empty-cells:show}th,td {border:1px solid #009;padding:.25em .5em}th {vertical-align:bottom}td {vertical-align:top}table a {font-weight:bold}.stripe td {background-color: #E6EBF9}.num {text-align:right}.passedodd td {background-color: #3F3}.passedeven td {background-color: #0A0}.skippedodd td {background-color: #DDD}.skippedeven td {background-color: #CCC}.failedodd td,.attn {background-color: #F33}.failedeven td,.stripe .attn {background-color: #D00}.stacktrace {white-space:pre;font-family:monospace}.totop {font-size:85%;text-align:center;border-bottom:2px solid #000}.invisible {display:none}</style>
</head>
<body>
<table>
<tr><th>Test</th><th># Passed</th><th># Skipped</th><th># Retried</th><th># Failed</th><th>Time (ms)</th><th>Included Groups</th><th>Excluded Groups</th></tr>
<tr><th colspan="8">Suite</th></tr>
<tr><td><a href="#t0">Test</a></td><td class="num">12</td><td class="num">0</td><td class="num">0</td><td class="num attn">11</td><td class="num">164,430</td><td></td><td></td></tr>
</table>
<table id='summary'><thead><tr><th>Class</th><th>Method</th><th>Start</th><th>Time (ms)</th></tr></thead><tbody><tr><th colspan="4">Suite</th></tr></tbody><tbody id="t0"><tr><th colspan="4">Test &#8212; failed</th></tr><tr class="failedeven"><td rowspan="3">com.naveenAutomationPageTest.AccountPageTest</td><td><a href="#m0">validateUserCanChangePassword</a></td><td rowspan="1">1700004305550</td><td rowspan="1">1034</td></tr><tr class="failedeven"><td><a href="#m1">validateUserCanEditPersonalInfo</a></td><td rowspan="1">1700004311709</td><td rowspan="1">1035</td></tr><tr class="failedeven"><td><a href="#m2">validateUserCanUpdateNewsLetterSubscription</a></td><td rowspan="1">1700004317348</td><td rowspan="1">867</td></tr><tr class="failedodd"><td rowspan="2">com.naveenAutomationPageTest.AddressBookEntriesPageTest</td><td><a href="#m3">validateUserCanDeleteAddress</a></td><td rowspan="1">1700004322824</td><td rowspan="1">1013</td></tr><tr class="failedodd"><td><a href="#m4">validateUserCanNavigateToAddressBook</a></td><td rowspan="1">1700004328256</td><td rowspan="1">1176</td></tr><tr class="failedeven"><td rowspan="1">com.naveenAutomationPageTest.ForgottenPasswordPageTest</td><td><a href="#m5">validateUserWillGetConfirmationLinkUsingValidEmail</a></td><td rowspan="1">1700004333875</td><td rowspan="1">11360</td></tr><tr class="failedodd"><td rowspan="2">com.naveenAutomationPageTest.LoginPageTest</td><td><a href="#m6">validateUserCanLoginWithValidCredentials</a></td><td rowspan="1">1700004356198</td><td rowspan="1">873</td></tr><tr class="failedodd"><td><a href="#m7">validateUserCanNotLoginWithInValidCredentials</a></td><td rowspan="1">1700004363091</td><td rowspan="1">1090</td></tr><tr class="failedeven"><td rowspan="1">com.naveenAutomationPageTest.LogoutPageTest</td><td><a href="#m8">validateUserCanLogoutsafely</a></td><td rowspan="1">1700004375682</td><td rowspan="1">891</td></tr><tr class="failedodd"><td rowspan="1">com.naveenAutomationPageTest.RegisterAccountPageTest</td><td><a href="#m9">validateUserIsAbleToRegisterWithValidInfo</a></td><td rowspan="1">1700004454241</td><td rowspan="1">2249</td></tr><tr class="failedeven"><td rowspan="1">com.naveenAutomationPageTest.ViewProductReturnsPageTest</td><td><a href="#m10">validateUserIsInViewProductReturnsPage</a></td><td rowspan="1">1700004382247</td><td rowspan="1">930</td></tr><tr><th colspan="4">Test &#8212; passed</th></tr><tr class="passedeven"><td rowspan="1">com.naveenAutomationPageTest.ForgottenPasswordPageTest</td><td><a href="#m11">validateUserWillNotGetConfirmationLinkUsingInvalidEmail</a></td><td rowspan="1">1700004349558</td><td rowspan="1">1526</td></tr><tr class="passedodd"><td rowspan="1">com.naveenAutomationPageTest.LoginPageTest</td><td><a href="#m12">validateUserIsAbleToNavigateToForgottenPasswordPage</a></td><td rowspan="1">1700004370522</td><td rowspan="1">736</td></tr><tr class="passedeven"><td rowspan="10">com.naveenAutomationPageTest.RegisterAccountPageTest</td><td><a href="#m13">validateUserCanNotEnterInvalidFirstName</a></td><td rowspan="1">1700004387648</td><td rowspan="1">2996</td></tr><tr class="passedeven"><td><a href="#m14">validateUserCanNotEnterInvalidLastName</a></td><td rowspan="1">1700004397694</td><td rowspan="1">2458</td></tr><tr class="passedeven"><td><a href="#m15">validateUserCanNotEnterInvalidTelephone</a></td><td rowspan="1">1700004404789</td><td rowspan="1">2373</td></tr><tr class="passedeven"><td><a href="#m16">validateUserCanNotSkipConfirmPassword</a></td><td rowspan="1">1700004412401</td><td rowspan="1">2344</td></tr><tr class="passedeven"><td><a href="#m17">validateUserCanNotSkipEmail</a></td><td rowspan="1">1700004419287</td><td rowspan="1">2600</td></tr><tr class="passedeven"><td><a href="#m18">validateUserCanNotSkipFirstName</a></td><td rowspan="1">1700004426256</td><td rowspan="1">2214</td></tr><tr class="passedeven"><td><a href="#m19">validateUserCanNotSkipLastName</a></td><td rowspan="1">1700004432546</td><td rowspan="1">2386</td></tr><tr class="passedeven"><td><a href="#m20">validateUserCanNotSkipPassword</a></td><td rowspan="1">1700004439188</td><td rowspan="1">2333</td></tr><tr class="passedeven"><td><a href="#m21">validateUserCheckEDPrivacyPolicyCheckBox</a></td><td rowspan="1">1700004446613</td><td rowspan="1">2332</td></tr><tr class="passedeven"><td><a href="#m22">validateUserNavigatedToRegisterAccount</a></td><td rowspan="1">1700004461267</td><td rowspan="1">1307</td></tr></tbody>
</table>
<h2>Test</h2><h3 id="m0">com.naveenAutomationPageTest.AccountPageTest#validateUserCanChangePassword</h3><table class="result"><tr><th>Exception</th></tr><tr><td><div class="stacktrace">java.lang.ClassCastException: class com.naveenautomation.pages.LoginPage cannot be cast to class com.naveenautomation.pages.AccountPage (com.naveenautomation.pages.LoginPage and com.naveenautomation.pages.AccountPage are in unnamed module of loader &apos;app&apos;)
	at com.naveenAutomationPageTest.AccountPageTest.validateUserCanChangePassword(AccountPageTest.java:50)
	at java.base/java.util.ArrayList.forEach(ArrayList.java:1511)
... Removed 27 stack frames</div></td></tr></table><p class="totop"><a href="#summary">back to summary</a></p>
<h3 id="m1">com.naveenAutomationPageTest.AccountPageTest#validateUserCanEditPersonalInfo</h3><table class="result"><tr><th>Exception</th></tr><tr><td><div class="stacktrace">java.lang.ClassCastException: class com.naveenautomation.pages.LoginPage cannot be cast to class com.naveenautomation.pages.AccountPage (com.naveenautomation.pages.LoginPage and com.naveenautomation.pages.AccountPage are in unnamed module of loader &apos;app&apos;)
	at com.naveenAutomationPageTest.AccountPageTest.validateUserCanEditPersonalInfo(AccountPageTest.java:33)
	at java.base/java.util.ArrayList.forEach(ArrayList.java:1511)
... Removed 27 stack frames</div></td></tr></table><p class="totop"><a href="#summary">back to summary</a></p>
<h3 id="m2">com.naveenAutomationPageTest.AccountPageTest#validateUserCanUpdateNewsLetterSubscription</h3><table class="result"><tr><th>Exception</th></tr><tr><td><div class="stacktrace">java.lang.ClassCastException: class com.naveenautomation.pages.LoginPage cannot be cast to class com.naveenautomation.pages.AccountPage (com.naveenautomation.pages.LoginPage and com.naveenautomation.pages.AccountPage are in unnamed module of loader &apos;app&apos;)
	at com.naveenAutomationPageTest.AccountPageTest.validateUserCanUpdateNewsLetterSubscription(AccountPageTest.java:72)
	at java.base/java.util.ArrayList.forEach(ArrayList.java:1511)
... Removed 27 stack frames</div></td></tr></table><p class="totop"><a href="#summary">back to summary</a></p>
<h3 id="m3">com.naveenAutomationPageTest.AddressBookEntriesPageTest#validateUserCanDeleteAddress</h3><table class="result"><tr><th>Exception</th></tr><tr><td><div class="stacktrace">java.lang.ClassCastException: class com.naveenautomation.pages.LoginPage cannot be cast to class com.naveenautomation.pages.AccountPage (com.naveenautomation.pages.LoginPage and com.naveenautomation.pages.AccountPage are in unnamed module of loader &apos;app&apos;)
	at com.naveenAutomationPageTest.AddressBookEntriesPageTest.validateUserCanDeleteAddress(AddressBookEntriesPageTest.java:45)
	at java.base/java.util.ArrayList.forEach(ArrayList.java:1511)
... Removed 27 stack frames</div></td></tr></table><p class="totop"><a href="#summary">back to summary</a></p>
<h3 id="m4">com.naveenAutomationPageTest.AddressBookEntriesPageTest#validateUserCanNavigateToAddressBook</h3><table class="result"><tr><th>Exception</th></tr><tr><td><div class="stacktrace">java.lang.ClassCastException: class com.naveenautomation.pages.LoginPage cannot be cast to class com.naveenautomation.pages.AccountPage (com.naveenautomation.pages.LoginPage and com.naveenautomation.pages.AccountPage are in unnamed module of loader &apos;app&apos;)
	at com.naveenAutomationPageTest.AddressBookEntriesPageTest.validateUserCanNavigateToAddressBook(AddressBookEntriesPageTest.java:30)
	at java.base/java.util.ArrayList.forEach(ArrayList.java:1511)
... Removed 27 stack frames</div></td></tr></table><p class="totop"><a href="#summary">back to summary</a></p>
<h3 id="m5">com.naveenAutomationPageTest.ForgottenPasswordPageTest#validateUserWillGetConfirmationLinkUsingValidEmail</h3><table class="result"><tr><th>Exception</th></tr><tr><td><div class="stacktrace">org.openqa.selenium.TimeoutException: Expected condition failed: waiting for visibility of element located by By.cssSelector: div.alert-success (tried for 10 second(s) with 500 milliseconds interval)
	at org.openqa.selenium.support.ui.WebDriverWait.timeoutException(WebDriverWait.java:95)
	at org.openqa.selenium.support.ui.FluentWait.until(FluentWait.java:272)
	at com.naveenautomation.proxydriver.ProxyDriver.waitForElementToBeVisible(ProxyDriver.java:169)
	at com.naveenautomation.proxydriver.ProxyDriver.getText(ProxyDriver.java:210)
	at com.naveenautomation.pages.ForgottenPasswordPage.getForgottenPasswordPageSuccessMessage(ForgottenPasswordPage.java:44)
	at com.naveenAutomationPageTest.ForgottenPasswordPageTest.validateUserWillGetConfirmationLinkUsingValidEmail(ForgottenPasswordPageTest.java:36)
	at java.base/java.util.ArrayList.forEach(ArrayList.java:1511)
Caused by: org.openqa.selenium.NoSuchElementException: no such element: Unable to locate element: {&quot;method&quot;:&quot;css selector&quot;,&quot;selector&quot;:&quot;div.alert-success&quot;}
  (Session info: chrome=119.0.6045.124)
For documentation on this error, please visit: https://www.seleniumhq.org/exceptions/no_such_element.html
Build info: version: &apos;3.141.59&apos;, revision: &apos;e82be7d358&apos;, time: &apos;2018-11-14T08:17:03&apos;
System info: host: &apos;VAISH&apos;, ip: &apos;10.0.0.104&apos;, os.name: &apos;Windows 11&apos;, os.arch: &apos;amd64&apos;, os.version: &apos;10.0&apos;, java.version: &apos;17.0.7&apos;
Driver info: org.openqa.selenium.chrome.ChromeDriver
Capabilities {acceptInsecureCerts: false, browserName: chrome, browserVersion: 119.0.6045.124, chrome: {chromedriverVersion: 119.0.6045.105 (38c72552c5e..., userDataDir: C:\Users\Vishnu\AppData\Loc...}, fedcm:accounts: true, goog:chromeOptions: {debuggerAddress: localhost:55881}, javascriptEnabled: true, networkConnectionEnabled: false, pageLoadStrategy: normal, platform: WINDOWS, platformName: WINDOWS, proxy: Proxy(), setWindowRect: true, strictFileInteractability: false, timeouts: {implicit: 0, pageLoad: 300000, script: 30000}, unhandledPromptBehavior: dismiss and notify, webauthn:extension:credBlob: true, webauthn:extension:largeBlob: true, webauthn:extension:minPinLength: true, webauthn:extension:prf: true, webauthn:virtualAuthenticators: true}
Session ID: 66eb9054b712141c6a0f03a33e20ba09
*** Element info: {Using=css selector, value=div.alert-success}
	at org.openqa.selenium.remote.http.W3CHttpResponseCodec.createException(W3CHttpResponseCodec.java:187)
	at org.openqa.selenium.remote.http.W3CHttpResponseCodec.decode(W3CHttpResponseCodec.java:122)
	at org.openqa.selenium.remote.http.W3CHttpResponseCodec.decode(W3CHttpResponseCodec.java:49)
	at org.openqa.selenium.remote.HttpCommandExecutor.execute(HttpCommandExecutor.java:158)
	at org.openqa.selenium.remote.service.DriverCommandExecutor.execute(DriverCommandExecutor.java:83)
	at org.openqa.selenium.remote.RemoteWebDriver.execute(RemoteWebDriver.java:552)
	at org.openqa.selenium.remote.RemoteWebDriver.findElement(RemoteWebDriver.java:323)
	at org.openqa.selenium.remote.RemoteWebDriver.findElementByCssSelector(RemoteWebDriver.java:420)
	at org.openqa.selenium.By$ByCssSelector.findElement(By.java:431)
	at org.openqa.selenium.remote.RemoteWebDriver.findElement(RemoteWebDriver.java:315)
	at com.naveenautomation.proxydriver.ProxyDriver.findElement(ProxyDriver.java:60)
	at org.openqa.selenium.support.ui.ExpectedConditions$7.apply(ExpectedConditions.java:205)
	at org.openqa.selenium.support.ui.ExpectedConditions$7.apply(ExpectedConditions.java:201)
	at org.openqa.selenium.support.ui.FluentWait.until(FluentWait.java:249)
	... 32 more
... Removed 32 stack frames</div></td></tr></table><p class="totop"><a href="#summary">back to summary</a></p>
<h3 id="m6">com.naveenAutomationPageTest.LoginPageTest#validateUserCanLoginWithValidCredentials</h3><table class="result"><tr><th>Exception</th></tr><tr><td><div class="stacktrace">java.lang.ClassCastException: class com.naveenautomation.pages.LoginPage cannot be cast to class com.naveenautomation.pages.AccountPage (com.naveenautomation.pages.LoginPage and com.naveenautomation.pages.AccountPage are in unnamed module of loader &apos;app&apos;)
	at com.naveenAutomationPageTest.LoginPageTest.validateUserCanLoginWithValidCredentials(LoginPageTest.java:32)
	at java.base/java.util.ArrayList.forEach(ArrayList.java:1511)
... Removed 27 stack frames</div></td></tr></table><p class="totop"><a href="#summary">back to summary</a></p>
<h3 id="m7">com.naveenAutomationPageTest.LoginPageTest#validateUserCanNotLoginWithInValidCredentials</h3><table class="result"><tr><th>Exception</th></tr><tr><td><div class="stacktrace">java.lang.AssertionError: User is logedin expected [Warning: No match for E-Mail Address and/or Password.] but found [Warning: Your account has exceeded allowed number of login attempts. Please try again in 1 hour.]
	at com.naveenAutomationPageTest.LoginPageTest.validateUserCanNotLoginWithInValidCredentials(LoginPageTest.java:43)
	at java.base/java.util.ArrayList.forEach(ArrayList.java:1511)
... Removed 32 stack frames</div></td></tr></table><p class="totop"><a href="#summary">back to summary</a></p>
<h3 id="m8">com.naveenAutomationPageTest.LogoutPageTest#validateUserCanLogoutsafely</h3><table class="result"><tr><th>Exception</th></tr><tr><td><div class="stacktrace">java.lang.ClassCastException: class com.naveenautomation.pages.LoginPage cannot be cast to class com.naveenautomation.pages.AccountPage (com.naveenautomation.pages.LoginPage and com.naveenautomation.pages.AccountPage are in unnamed module of loader &apos;app&apos;)
	at com.naveenAutomationPageTest.LogoutPageTest.validateUserCanLogoutsafely(LogoutPageTest.java:31)
	at java.base/java.util.ArrayList.forEach(ArrayList.java:1511)
... Removed 27 stack frames</div></td></tr></table><p class="totop"><a href="#summary">back to summary</a></p>
<h3 id="m9">com.naveenAutomationPageTest.RegisterAccountPageTest#validateUserIsAbleToRegisterWithValidInfo</h3><table class="result"><tr><th>Exception</th></tr><tr><td><div class="stacktrace">java.lang.Error
	at com.naveenautomation.pages.RegistrationSuccessPage.isLoaded(RegistrationSuccessPage.java:31)
	at com.naveenautomation.pages.Page.waitForPageToLoad(Page.java:25)
	at com.naveenautomation.pages.Page.&lt;init&gt;(Page.java:11)
	at com.naveenautomation.pages.RegistrationSuccessPage.&lt;init&gt;(RegistrationSuccessPage.java:12)
	at com.naveenautomation.pages.RegisterAccountPage.clickSubmitBtn(RegisterAccountPage.java:67)
	at com.naveenAutomationPageTest.RegisterAccountPageTest.validateUserIsAbleToRegisterWithValidInfo(RegisterAccountPageTest.java:200)
	at java.base/java.util.ArrayList.forEach(ArrayList.java:1511)
... Removed 27 stack frames</div></td></tr></table><p class="totop"><a href="#summary">back to summary</a></p>
<h3 id="m10">com.naveenAutomationPageTest.ViewProductReturnsPageTest#validateUserIsInViewProductReturnsPage</h3><table class="result"><tr><th>Exception</th></tr><tr><td><div class="stacktrace">java.lang.ClassCastException: class com.naveenautomation.pages.LoginPage cannot be cast to class com.naveenautomation.pages.AccountPage (com.naveenautomation.pages.LoginPage and com.naveenautomation.pages.AccountPage are in unnamed module of loader &apos;app&apos;)
	at com.naveenAutomationPageTest.ViewProductReturnsPageTest.validateUserIsInViewProductReturnsPage(ViewProductReturnsPageTest.java:28)
	at java.base/java.util.ArrayList.forEach(ArrayList.java:1511)
... Removed 27 stack frames</div></td></tr></table><p class="totop"><a href="#summary">back to summary</a></p>
<h3 id="m11">com.naveenAutomationPageTest.ForgottenPasswordPageTest#validateUserWillNotGetConfirmationLinkUsingInvalidEmail</h3><table class="result"><tr><th class="invisible"/></tr></table><p class="totop"><a href="#summary">back to summary</a></p>
<h3 id="m12">com.naveenAutomationPageTest.LoginPageTest#validateUserIsAbleToNavigateToForgottenPasswordPage</h3><table class="result"><tr><th class="invisible"/></tr></table><p class="totop"><a href="#summary">back to summary</a></p>
<h3 id="m13">com.naveenAutomationPageTest.RegisterAccountPageTest#validateUserCanNotEnterInvalidFirstName</h3><table class="result"><tr><th class="invisible"/></tr></table><p class="totop"><a href="#summary">back to summary</a></p>
<h3 id="m14">com.naveenAutomationPageTest.RegisterAccountPageTest#validateUserCanNotEnterInvalidLastName</h3><table class="result"><tr><th class="invisible"/></tr></table><p class="totop"><a href="#summary">back to summary</a></p>
<h3 id="m15">com.naveenAutomationPageTest.RegisterAccountPageTest#validateUserCanNotEnterInvalidTelephone</h3><table class="result"><tr><th class="invisible"/></tr></table><p class="totop"><a href="#summary">back to summary</a></p>
<h3 id="m16">com.naveenAutomationPageTest.RegisterAccountPageTest#validateUserCanNotSkipConfirmPassword</h3><table class="result"><tr><th class="invisible"/></tr></table><p class="totop"><a href="#summary">back to summary</a></p>
<h3 id="m17">com.naveenAutomationPageTest.RegisterAccountPageTest#validateUserCanNotSkipEmail</h3><table class="result"><tr><th class="invisible"/></tr></table><p class="totop"><a href="#summary">back to summary</a></p>
<h3 id="m18">com.naveenAutomationPageTest.RegisterAccountPageTest#validateUserCanNotSkipFirstName</h3><table class="result"><tr><th class="invisible"/></tr></table><p class="totop"><a href="#summary">back to summary</a></p>
<h3 id="m19">com.naveenAutomationPageTest.RegisterAccountPageTest#validateUserCanNotSkipLastName</h3><table class="result"><tr><th class="invisible"/></tr></table><p class="totop"><a href="#summary">back to summary</a></p>
<h3 id="m20">com.naveenAutomationPageTest.RegisterAccountPageTest#validateUserCanNotSkipPassword</h3><table class="result"><tr><th class="invisible"/></tr></table><p class="totop"><a href="#summary">back to summary</a></p>
<h3 id="m21">com.naveenAutomationPageTest.RegisterAccountPageTest#validateUserCheckEDPrivacyPolicyCheckBox</h3><table class="result"><tr><th class="invisible"/></tr></table><p class="totop"><a href="#summary">back to summary</a></p>
<h3 id="m22">com.naveenAutomationPageTest.RegisterAccountPageTest#validateUserNavigatedToRegisterAccount</h3><table class="result"><tr><th class="invisible"/></tr></table><p class="totop"><a href="#summary">back to summary</a></p>
</body>
</html>
